{"/data/.openclaw/workspace/creative-ai/src/bridge.js": {"path":"/data/.openclaw/workspace/creative-ai/src/bridge.js","statementMap":{"0":{"start":{"line":16,"column":19},"end":{"line":16,"column":26}},"1":{"start":{"line":18,"column":15},"end":{"line":21,"column":4}},"2":{"start":{"line":23,"column":17},"end":{"line":23,"column":106}},"3":{"start":{"line":25,"column":2},"end":{"line":37,"column":4}},"4":{"start":{"line":41,"column":19},"end":{"line":41,"column":26}},"5":{"start":{"line":43,"column":14},"end":{"line":43,"column":49}},"6":{"start":{"line":44,"column":17},"end":{"line":44,"column":19}},"7":{"start":{"line":46,"column":2},"end":{"line":49,"column":3}},"8":{"start":{"line":47,"column":4},"end":{"line":47,"column":31}},"9":{"start":{"line":48,"column":4},"end":{"line":48,"column":24}},"10":{"start":{"line":51,"column":2},"end":{"line":54,"column":3}},"11":{"start":{"line":52,"column":4},"end":{"line":52,"column":38}},"12":{"start":{"line":53,"column":4},"end":{"line":53,"column":30}},"13":{"start":{"line":56,"column":2},"end":{"line":59,"column":3}},"14":{"start":{"line":57,"column":4},"end":{"line":57,"column":33}},"15":{"start":{"line":58,"column":4},"end":{"line":58,"column":26}},"16":{"start":{"line":61,"column":2},"end":{"line":61,"column":145}},"17":{"start":{"line":62,"column":2},"end":{"line":62,"column":21}},"18":{"start":{"line":64,"column":2},"end":{"line":64,"column":48}},"19":{"start":{"line":68,"column":2},"end":{"line":68,"column":73}},"20":{"start":{"line":72,"column":19},"end":{"line":72,"column":26}},"21":{"start":{"line":74,"column":15},"end":{"line":78,"column":4}},"22":{"start":{"line":80,"column":17},"end":{"line":80,"column":29}},"23":{"start":{"line":82,"column":2},"end":{"line":84,"column":3}},"24":{"start":{"line":83,"column":4},"end":{"line":83,"column":16}},"25":{"start":{"line":87,"column":19},"end":{"line":87,"column":34}},"26":{"start":{"line":88,"column":2},"end":{"line":99,"column":3}},"27":{"start":{"line":89,"column":4},"end":{"line":98,"column":5}},"28":{"start":{"line":90,"column":6},"end":{"line":95,"column":9}},"29":{"start":{"line":97,"column":6},"end":{"line":97,"column":76}},"30":{"start":{"line":101,"column":2},"end":{"line":101,"column":25}},"31":{"start":{"line":105,"column":19},"end":{"line":105,"column":26}},"32":{"start":{"line":106,"column":17},"end":{"line":108,"column":12}},"33":{"start":{"line":110,"column":2},"end":{"line":110,"column":28}},"34":{"start":{"line":114,"column":19},"end":{"line":114,"column":26}},"35":{"start":{"line":115,"column":17},"end":{"line":117,"column":12}},"36":{"start":{"line":119,"column":2},"end":{"line":119,"column":53}},"37":{"start":{"line":123,"column":19},"end":{"line":123,"column":26}},"38":{"start":{"line":125,"column":16},"end":{"line":125,"column":87}},"39":{"start":{"line":126,"column":19},"end":{"line":126,"column":108}},"40":{"start":{"line":127,"column":17},"end":{"line":127,"column":120}},"41":{"start":{"line":128,"column":15},"end":{"line":128,"column":108}},"42":{"start":{"line":130,"column":2},"end":{"line":135,"column":4}},"43":{"start":{"line":133,"column":51},"end":{"line":133,"column":70}},"44":{"start":{"line":134,"column":47},"end":{"line":134,"column":73}},"45":{"start":{"line":139,"column":2},"end":{"line":139,"column":42}},"46":{"start":{"line":143,"column":30},"end":{"line":150,"column":1}},"47":{"start":{"line":152,"column":26},"end":{"line":152,"column":61}}},"fnMap":{"0":{"name":"createExchange","decl":{"start":{"line":15,"column":16},"end":{"line":15,"column":30}},"loc":{"start":{"line":15,"column":163},"end":{"line":38,"column":1}},"line":15},"1":{"name":"getExchanges","decl":{"start":{"line":40,"column":16},"end":{"line":40,"column":28}},"loc":{"start":{"line":40,"column":82},"end":{"line":65,"column":1}},"line":40},"2":{"name":"getExchange","decl":{"start":{"line":67,"column":16},"end":{"line":67,"column":27}},"loc":{"start":{"line":67,"column":32},"end":{"line":69,"column":1}},"line":67},"3":{"name":"respondToExchange","decl":{"start":{"line":71,"column":22},"end":{"line":71,"column":39}},"loc":{"start":{"line":71,"column":80},"end":{"line":102,"column":1}},"line":71},"4":{"name":"closeExchange","decl":{"start":{"line":104,"column":16},"end":{"line":104,"column":29}},"loc":{"start":{"line":104,"column":34},"end":{"line":111,"column":1}},"line":104},"5":{"name":"escalateExchange","decl":{"start":{"line":113,"column":16},"end":{"line":113,"column":32}},"loc":{"start":{"line":113,"column":37},"end":{"line":120,"column":1}},"line":113},"6":{"name":"getExchangeStats","decl":{"start":{"line":122,"column":16},"end":{"line":122,"column":32}},"loc":{"start":{"line":122,"column":35},"end":{"line":136,"column":1}},"line":122},"7":{"name":"(anonymous_7)","decl":{"start":{"line":133,"column":46},"end":{"line":133,"column":47}},"loc":{"start":{"line":133,"column":51},"end":{"line":133,"column":70}},"line":133},"8":{"name":"(anonymous_8)","decl":{"start":{"line":134,"column":42},"end":{"line":134,"column":43}},"loc":{"start":{"line":134,"column":47},"end":{"line":134,"column":73}},"line":134},"9":{"name":"getOpenExchanges","decl":{"start":{"line":138,"column":16},"end":{"line":138,"column":32}},"loc":{"start":{"line":138,"column":35},"end":{"line":140,"column":1}},"line":138}},"branchMap":{"0":{"loc":{"start":{"line":15,"column":65},"end":{"line":15,"column":76}},"type":"default-arg","locations":[{"start":{"line":15,"column":74},"end":{"line":15,"column":76}}],"line":15},"1":{"loc":{"start":{"line":15,"column":78},"end":{"line":15,"column":89}},"type":"default-arg","locations":[{"start":{"line":15,"column":87},"end":{"line":15,"column":89}}],"line":15},"2":{"loc":{"start":{"line":15,"column":91},"end":{"line":15,"column":110}},"type":"default-arg","locations":[{"start":{"line":15,"column":102},"end":{"line":15,"column":110}}],"line":15},"3":{"loc":{"start":{"line":15,"column":112},"end":{"line":15,"column":132}},"type":"default-arg","locations":[{"start":{"line":15,"column":124},"end":{"line":15,"column":132}}],"line":15},"4":{"loc":{"start":{"line":15,"column":134},"end":{"line":15,"column":159}},"type":"default-arg","locations":[{"start":{"line":15,"column":147},"end":{"line":15,"column":159}}],"line":15},"5":{"loc":{"start":{"line":40,"column":29},"end":{"line":40,"column":80}},"type":"default-arg","locations":[{"start":{"line":40,"column":78},"end":{"line":40,"column":80}}],"line":40},"6":{"loc":{"start":{"line":40,"column":63},"end":{"line":40,"column":73}},"type":"default-arg","locations":[{"start":{"line":40,"column":71},"end":{"line":40,"column":73}}],"line":40},"7":{"loc":{"start":{"line":46,"column":2},"end":{"line":49,"column":3}},"type":"if","locations":[{"start":{"line":46,"column":2},"end":{"line":49,"column":3}},{"start":{},"end":{}}],"line":46},"8":{"loc":{"start":{"line":51,"column":2},"end":{"line":54,"column":3}},"type":"if","locations":[{"start":{"line":51,"column":2},"end":{"line":54,"column":3}},{"start":{},"end":{}}],"line":51},"9":{"loc":{"start":{"line":56,"column":2},"end":{"line":59,"column":3}},"type":"if","locations":[{"start":{"line":56,"column":2},"end":{"line":59,"column":3}},{"start":{},"end":{}}],"line":56},"10":{"loc":{"start":{"line":71,"column":54},"end":{"line":71,"column":78}},"type":"default-arg","locations":[{"start":{"line":71,"column":66},"end":{"line":71,"column":78}}],"line":71},"11":{"loc":{"start":{"line":82,"column":2},"end":{"line":84,"column":3}},"type":"if","locations":[{"start":{"line":82,"column":2},"end":{"line":84,"column":3}},{"start":{},"end":{}}],"line":82},"12":{"loc":{"start":{"line":88,"column":2},"end":{"line":99,"column":3}},"type":"if","locations":[{"start":{"line":88,"column":2},"end":{"line":99,"column":3}},{"start":{},"end":{}}],"line":88},"13":{"loc":{"start":{"line":119,"column":9},"end":{"line":119,"column":52}},"type":"cond-expr","locations":[{"start":{"line":119,"column":30},"end":{"line":119,"column":45}},{"start":{"line":119,"column":48},"end":{"line":119,"column":52}}],"line":119}},"s":{"0":3,"1":3,"2":3,"3":3,"4":7,"5":7,"6":7,"7":7,"8":2,"9":2,"10":7,"11":1,"12":1,"13":7,"14":1,"15":1,"16":7,"17":7,"18":7,"19":5,"20":3,"21":3,"22":3,"23":3,"24":2,"25":1,"26":1,"27":1,"28":1,"29":0,"30":1,"31":2,"32":2,"33":2,"34":2,"35":2,"36":2,"37":1,"38":1,"39":1,"40":1,"41":1,"42":1,"43":3,"44":2,"45":1,"46":1,"47":1},"f":{"0":3,"1":7,"2":5,"3":3,"4":2,"5":2,"6":1,"7":3,"8":2,"9":1},"b":{"0":[2],"1":[2],"2":[2],"3":[2],"4":[2],"5":[2],"6":[6],"7":[2,5],"8":[1,6],"9":[1,6],"10":[3],"11":[2,1],"12":[1,0],"13":[1,1]},"inputSourceMap":null,"_coverageSchema":"1a1c01bbd47fc00a2c39e90264f33305004495a9","hash":"f9a9869b11c66ce027151349b2a7639b503be0c6"}
,"/data/.openclaw/workspace/creative-ai/src/cli.js": {"path":"/data/.openclaw/workspace/creative-ai/src/cli.js","statementMap":{"0":{"start":{"line":10,"column":17},"end":{"line":10,"column":63}},"1":{"start":{"line":12,"column":11},"end":{"line":16,"column":2}},"2":{"start":{"line":18,"column":18},"end":{"line":18,"column":25}},"3":{"start":{"line":20,"column":14},"end":{"line":77,"column":1}},"4":{"start":{"line":36,"column":55},"end":{"line":36,"column":70}},"5":{"start":{"line":37,"column":55},"end":{"line":37,"column":70}},"6":{"start":{"line":49,"column":55},"end":{"line":49,"column":70}},"7":{"start":{"line":63,"column":55},"end":{"line":63,"column":70}},"8":{"start":{"line":74,"column":55},"end":{"line":74,"column":70}},"9":{"start":{"line":80,"column":2},"end":{"line":105,"column":5}},"10":{"start":{"line":81,"column":16},"end":{"line":81,"column":39}},"11":{"start":{"line":82,"column":20},"end":{"line":85,"column":5}},"12":{"start":{"line":87,"column":16},"end":{"line":97,"column":6}},"13":{"start":{"line":88,"column":17},"end":{"line":88,"column":19}},"14":{"start":{"line":89,"column":6},"end":{"line":89,"column":45}},"15":{"start":{"line":89,"column":30},"end":{"line":89,"column":43}},"16":{"start":{"line":90,"column":6},"end":{"line":96,"column":9}},"17":{"start":{"line":91,"column":8},"end":{"line":95,"column":9}},"18":{"start":{"line":92,"column":10},"end":{"line":92,"column":36}},"19":{"start":{"line":94,"column":10},"end":{"line":94,"column":24}},"20":{"start":{"line":99,"column":4},"end":{"line":99,"column":28}},"21":{"start":{"line":101,"column":4},"end":{"line":103,"column":5}},"22":{"start":{"line":102,"column":6},"end":{"line":102,"column":38}},"23":{"start":{"line":104,"column":4},"end":{"line":104,"column":14}},"24":{"start":{"line":109,"column":2},"end":{"line":125,"column":3}},"25":{"start":{"line":110,"column":18},"end":{"line":110,"column":55}},"26":{"start":{"line":111,"column":4},"end":{"line":114,"column":5}},"27":{"start":{"line":112,"column":6},"end":{"line":112,"column":39}},"28":{"start":{"line":113,"column":6},"end":{"line":113,"column":13}},"29":{"start":{"line":115,"column":4},"end":{"line":115,"column":28}},"30":{"start":{"line":116,"column":4},"end":{"line":116,"column":32}},"31":{"start":{"line":117,"column":4},"end":{"line":121,"column":7}},"32":{"start":{"line":118,"column":21},"end":{"line":118,"column":118}},"33":{"start":{"line":119,"column":6},"end":{"line":119,"column":53}},"34":{"start":{"line":120,"column":6},"end":{"line":120,"column":97}},"35":{"start":{"line":122,"column":4},"end":{"line":122,"column":20}},"36":{"start":{"line":124,"column":4},"end":{"line":124,"column":53}},"37":{"start":{"line":129,"column":17},"end":{"line":129,"column":63}},"38":{"start":{"line":129,"column":24},"end":{"line":129,"column":63}},"39":{"start":{"line":129,"column":43},"end":{"line":129,"column":62}},"40":{"start":{"line":131,"column":2},"end":{"line":131,"column":29}},"41":{"start":{"line":132,"column":2},"end":{"line":132,"column":30}},"42":{"start":{"line":134,"column":16},"end":{"line":134,"column":39}},"43":{"start":{"line":135,"column":2},"end":{"line":135,"column":54}},"44":{"start":{"line":135,"column":16},"end":{"line":135,"column":44}},"45":{"start":{"line":135,"column":45},"end":{"line":135,"column":52}},"46":{"start":{"line":137,"column":22},"end":{"line":137,"column":62}},"47":{"start":{"line":138,"column":18},"end":{"line":138,"column":75}},"48":{"start":{"line":139,"column":19},"end":{"line":139,"column":70}},"49":{"start":{"line":140,"column":18},"end":{"line":140,"column":68}},"50":{"start":{"line":142,"column":2},"end":{"line":153,"column":3}},"51":{"start":{"line":143,"column":17},"end":{"line":149,"column":6}},"52":{"start":{"line":150,"column":4},"end":{"line":150,"column":51}},"53":{"start":{"line":152,"column":4},"end":{"line":152,"column":53}},"54":{"start":{"line":157,"column":2},"end":{"line":160,"column":3}},"55":{"start":{"line":158,"column":19},"end":{"line":158,"column":65}},"56":{"start":{"line":158,"column":26},"end":{"line":158,"column":65}},"57":{"start":{"line":158,"column":45},"end":{"line":158,"column":64}},"58":{"start":{"line":159,"column":4},"end":{"line":159,"column":35}},"59":{"start":{"line":162,"column":2},"end":{"line":176,"column":3}},"60":{"start":{"line":163,"column":17},"end":{"line":163,"column":60}},"61":{"start":{"line":164,"column":4},"end":{"line":164,"column":27}},"62":{"start":{"line":165,"column":4},"end":{"line":165,"column":32}},"63":{"start":{"line":166,"column":4},"end":{"line":166,"column":43}},"64":{"start":{"line":167,"column":4},"end":{"line":167,"column":44}},"65":{"start":{"line":168,"column":4},"end":{"line":168,"column":46}},"66":{"start":{"line":169,"column":4},"end":{"line":169,"column":45}},"67":{"start":{"line":170,"column":4},"end":{"line":170,"column":45}},"68":{"start":{"line":171,"column":4},"end":{"line":171,"column":64}},"69":{"start":{"line":172,"column":4},"end":{"line":172,"column":48}},"70":{"start":{"line":173,"column":4},"end":{"line":173,"column":20}},"71":{"start":{"line":175,"column":4},"end":{"line":175,"column":53}},"72":{"start":{"line":180,"column":17},"end":{"line":180,"column":63}},"73":{"start":{"line":180,"column":24},"end":{"line":180,"column":63}},"74":{"start":{"line":180,"column":43},"end":{"line":180,"column":62}},"75":{"start":{"line":182,"column":13},"end":{"line":182,"column":38}},"76":{"start":{"line":183,"column":2},"end":{"line":183,"column":51}},"77":{"start":{"line":183,"column":13},"end":{"line":183,"column":41}},"78":{"start":{"line":183,"column":42},"end":{"line":183,"column":49}},"79":{"start":{"line":185,"column":17},"end":{"line":185,"column":90}},"80":{"start":{"line":186,"column":2},"end":{"line":186,"column":55}},"81":{"start":{"line":186,"column":17},"end":{"line":186,"column":45}},"82":{"start":{"line":186,"column":46},"end":{"line":186,"column":53}},"83":{"start":{"line":188,"column":2},"end":{"line":193,"column":3}},"84":{"start":{"line":189,"column":18},"end":{"line":189,"column":75}},"85":{"start":{"line":190,"column":4},"end":{"line":190,"column":60}},"86":{"start":{"line":192,"column":4},"end":{"line":192,"column":53}},"87":{"start":{"line":197,"column":17},"end":{"line":197,"column":63}},"88":{"start":{"line":197,"column":24},"end":{"line":197,"column":63}},"89":{"start":{"line":197,"column":43},"end":{"line":197,"column":62}},"90":{"start":{"line":198,"column":13},"end":{"line":198,"column":48}},"91":{"start":{"line":200,"column":2},"end":{"line":205,"column":3}},"92":{"start":{"line":201,"column":4},"end":{"line":201,"column":51}},"93":{"start":{"line":202,"column":4},"end":{"line":202,"column":45}},"94":{"start":{"line":204,"column":4},"end":{"line":204,"column":53}},"95":{"start":{"line":209,"column":2},"end":{"line":219,"column":3}},"96":{"start":{"line":210,"column":18},"end":{"line":210,"column":55}},"97":{"start":{"line":211,"column":4},"end":{"line":211,"column":33}},"98":{"start":{"line":212,"column":4},"end":{"line":212,"column":32}},"99":{"start":{"line":213,"column":4},"end":{"line":213,"column":47}},"100":{"start":{"line":214,"column":4},"end":{"line":214,"column":68}},"101":{"start":{"line":215,"column":4},"end":{"line":215,"column":70}},"102":{"start":{"line":216,"column":4},"end":{"line":216,"column":69}},"103":{"start":{"line":218,"column":4},"end":{"line":218,"column":53}},"104":{"start":{"line":223,"column":2},"end":{"line":233,"column":3}},"105":{"start":{"line":224,"column":18},"end":{"line":224,"column":55}},"106":{"start":{"line":225,"column":4},"end":{"line":225,"column":32}},"107":{"start":{"line":226,"column":4},"end":{"line":226,"column":32}},"108":{"start":{"line":227,"column":4},"end":{"line":227,"column":70}},"109":{"start":{"line":228,"column":4},"end":{"line":228,"column":77}},"110":{"start":{"line":229,"column":4},"end":{"line":229,"column":87}},"111":{"start":{"line":230,"column":4},"end":{"line":230,"column":20}},"112":{"start":{"line":232,"column":4},"end":{"line":232,"column":53}},"113":{"start":{"line":237,"column":2},"end":{"line":240,"column":3}},"114":{"start":{"line":238,"column":19},"end":{"line":238,"column":65}},"115":{"start":{"line":238,"column":26},"end":{"line":238,"column":65}},"116":{"start":{"line":238,"column":45},"end":{"line":238,"column":64}},"117":{"start":{"line":239,"column":4},"end":{"line":239,"column":43}},"118":{"start":{"line":242,"column":2},"end":{"line":257,"column":3}},"119":{"start":{"line":243,"column":20},"end":{"line":243,"column":96}},"120":{"start":{"line":244,"column":4},"end":{"line":247,"column":5}},"121":{"start":{"line":245,"column":6},"end":{"line":245,"column":42}},"122":{"start":{"line":246,"column":6},"end":{"line":246,"column":13}},"123":{"start":{"line":248,"column":4},"end":{"line":248,"column":31}},"124":{"start":{"line":249,"column":4},"end":{"line":249,"column":32}},"125":{"start":{"line":250,"column":4},"end":{"line":253,"column":7}},"126":{"start":{"line":251,"column":6},"end":{"line":251,"column":96}},"127":{"start":{"line":252,"column":6},"end":{"line":252,"column":92}},"128":{"start":{"line":254,"column":4},"end":{"line":254,"column":20}},"129":{"start":{"line":256,"column":4},"end":{"line":256,"column":53}},"130":{"start":{"line":261,"column":17},"end":{"line":261,"column":63}},"131":{"start":{"line":261,"column":24},"end":{"line":261,"column":63}},"132":{"start":{"line":261,"column":43},"end":{"line":261,"column":62}},"133":{"start":{"line":263,"column":2},"end":{"line":263,"column":31}},"134":{"start":{"line":264,"column":2},"end":{"line":264,"column":30}},"135":{"start":{"line":266,"column":18},"end":{"line":266,"column":43}},"136":{"start":{"line":267,"column":2},"end":{"line":267,"column":56}},"137":{"start":{"line":267,"column":18},"end":{"line":267,"column":46}},"138":{"start":{"line":267,"column":47},"end":{"line":267,"column":54}},"139":{"start":{"line":269,"column":15},"end":{"line":269,"column":111}},"140":{"start":{"line":270,"column":15},"end":{"line":270,"column":61}},"141":{"start":{"line":272,"column":2},"end":{"line":282,"column":3}},"142":{"start":{"line":273,"column":16},"end":{"line":278,"column":6}},"143":{"start":{"line":276,"column":37},"end":{"line":276,"column":45}},"144":{"start":{"line":279,"column":4},"end":{"line":279,"column":51}},"145":{"start":{"line":281,"column":4},"end":{"line":281,"column":53}},"146":{"start":{"line":286,"column":2},"end":{"line":300,"column":3}},"147":{"start":{"line":287,"column":21},"end":{"line":287,"column":66}},"148":{"start":{"line":288,"column":4},"end":{"line":291,"column":5}},"149":{"start":{"line":289,"column":6},"end":{"line":289,"column":36}},"150":{"start":{"line":290,"column":6},"end":{"line":290,"column":13}},"151":{"start":{"line":292,"column":4},"end":{"line":292,"column":38}},"152":{"start":{"line":293,"column":4},"end":{"line":293,"column":32}},"153":{"start":{"line":294,"column":4},"end":{"line":296,"column":7}},"154":{"start":{"line":295,"column":6},"end":{"line":295,"column":96}},"155":{"start":{"line":297,"column":4},"end":{"line":297,"column":20}},"156":{"start":{"line":299,"column":4},"end":{"line":299,"column":53}},"157":{"start":{"line":304,"column":2},"end":{"line":314,"column":3}},"158":{"start":{"line":305,"column":18},"end":{"line":305,"column":55}},"159":{"start":{"line":306,"column":4},"end":{"line":306,"column":35}},"160":{"start":{"line":307,"column":4},"end":{"line":307,"column":32}},"161":{"start":{"line":308,"column":4},"end":{"line":308,"column":50}},"162":{"start":{"line":309,"column":4},"end":{"line":309,"column":67}},"163":{"start":{"line":310,"column":4},"end":{"line":310,"column":132}},"164":{"start":{"line":310,"column":70},"end":{"line":310,"column":118}},"165":{"start":{"line":311,"column":4},"end":{"line":311,"column":20}},"166":{"start":{"line":313,"column":4},"end":{"line":313,"column":53}},"167":{"start":{"line":318,"column":2},"end":{"line":334,"column":3}},"168":{"start":{"line":319,"column":22},"end":{"line":319,"column":69}},"169":{"start":{"line":320,"column":4},"end":{"line":323,"column":5}},"170":{"start":{"line":321,"column":6},"end":{"line":321,"column":37}},"171":{"start":{"line":322,"column":6},"end":{"line":322,"column":13}},"172":{"start":{"line":324,"column":4},"end":{"line":324,"column":32}},"173":{"start":{"line":325,"column":4},"end":{"line":325,"column":32}},"174":{"start":{"line":326,"column":4},"end":{"line":330,"column":7}},"175":{"start":{"line":327,"column":21},"end":{"line":327,"column":115}},"176":{"start":{"line":328,"column":6},"end":{"line":328,"column":75}},"177":{"start":{"line":329,"column":6},"end":{"line":329,"column":81}},"178":{"start":{"line":331,"column":4},"end":{"line":331,"column":20}},"179":{"start":{"line":333,"column":4},"end":{"line":333,"column":53}},"180":{"start":{"line":338,"column":17},"end":{"line":338,"column":63}},"181":{"start":{"line":338,"column":24},"end":{"line":338,"column":63}},"182":{"start":{"line":338,"column":43},"end":{"line":338,"column":62}},"183":{"start":{"line":340,"column":2},"end":{"line":340,"column":36}},"184":{"start":{"line":341,"column":2},"end":{"line":341,"column":30}},"185":{"start":{"line":342,"column":2},"end":{"line":342,"column":82}},"186":{"start":{"line":344,"column":23},"end":{"line":344,"column":45}},"187":{"start":{"line":345,"column":2},"end":{"line":345,"column":61}},"188":{"start":{"line":345,"column":23},"end":{"line":345,"column":51}},"189":{"start":{"line":345,"column":52},"end":{"line":345,"column":59}},"190":{"start":{"line":347,"column":18},"end":{"line":347,"column":43}},"191":{"start":{"line":348,"column":2},"end":{"line":348,"column":56}},"192":{"start":{"line":348,"column":18},"end":{"line":348,"column":46}},"193":{"start":{"line":348,"column":47},"end":{"line":348,"column":54}},"194":{"start":{"line":350,"column":18},"end":{"line":350,"column":43}},"195":{"start":{"line":351,"column":2},"end":{"line":351,"column":56}},"196":{"start":{"line":351,"column":18},"end":{"line":351,"column":46}},"197":{"start":{"line":351,"column":47},"end":{"line":351,"column":54}},"198":{"start":{"line":353,"column":17},"end":{"line":353,"column":61}},"199":{"start":{"line":354,"column":17},"end":{"line":354,"column":63}},"200":{"start":{"line":355,"column":19},"end":{"line":355,"column":99}},"201":{"start":{"line":357,"column":2},"end":{"line":369,"column":3}},"202":{"start":{"line":358,"column":21},"end":{"line":365,"column":6}},"203":{"start":{"line":366,"column":4},"end":{"line":366,"column":59}},"204":{"start":{"line":368,"column":4},"end":{"line":368,"column":53}},"205":{"start":{"line":373,"column":2},"end":{"line":376,"column":3}},"206":{"start":{"line":374,"column":19},"end":{"line":374,"column":65}},"207":{"start":{"line":374,"column":26},"end":{"line":374,"column":65}},"208":{"start":{"line":374,"column":45},"end":{"line":374,"column":64}},"209":{"start":{"line":375,"column":4},"end":{"line":375,"column":39}},"210":{"start":{"line":378,"column":2},"end":{"line":392,"column":3}},"211":{"start":{"line":379,"column":21},"end":{"line":379,"column":74}},"212":{"start":{"line":380,"column":4},"end":{"line":380,"column":31}},"213":{"start":{"line":381,"column":4},"end":{"line":381,"column":32}},"214":{"start":{"line":382,"column":4},"end":{"line":382,"column":54}},"215":{"start":{"line":383,"column":4},"end":{"line":383,"column":48}},"216":{"start":{"line":384,"column":4},"end":{"line":384,"column":47}},"217":{"start":{"line":385,"column":4},"end":{"line":385,"column":50}},"218":{"start":{"line":386,"column":4},"end":{"line":386,"column":48}},"219":{"start":{"line":387,"column":4},"end":{"line":387,"column":47}},"220":{"start":{"line":388,"column":4},"end":{"line":388,"column":47}},"221":{"start":{"line":389,"column":4},"end":{"line":389,"column":20}},"222":{"start":{"line":391,"column":4},"end":{"line":391,"column":53}},"223":{"start":{"line":396,"column":17},"end":{"line":396,"column":63}},"224":{"start":{"line":396,"column":24},"end":{"line":396,"column":63}},"225":{"start":{"line":396,"column":43},"end":{"line":396,"column":62}},"226":{"start":{"line":398,"column":13},"end":{"line":398,"column":42}},"227":{"start":{"line":399,"column":2},"end":{"line":399,"column":51}},"228":{"start":{"line":399,"column":13},"end":{"line":399,"column":41}},"229":{"start":{"line":399,"column":42},"end":{"line":399,"column":49}},"230":{"start":{"line":401,"column":19},"end":{"line":401,"column":45}},"231":{"start":{"line":402,"column":2},"end":{"line":402,"column":57}},"232":{"start":{"line":402,"column":19},"end":{"line":402,"column":47}},"233":{"start":{"line":402,"column":48},"end":{"line":402,"column":55}},"234":{"start":{"line":404,"column":2},"end":{"line":409,"column":3}},"235":{"start":{"line":405,"column":22},"end":{"line":405,"column":98}},"236":{"start":{"line":406,"column":4},"end":{"line":406,"column":58}},"237":{"start":{"line":408,"column":4},"end":{"line":408,"column":53}},"238":{"start":{"line":413,"column":17},"end":{"line":413,"column":63}},"239":{"start":{"line":413,"column":24},"end":{"line":413,"column":63}},"240":{"start":{"line":413,"column":43},"end":{"line":413,"column":62}},"241":{"start":{"line":414,"column":13},"end":{"line":414,"column":51}},"242":{"start":{"line":416,"column":2},"end":{"line":421,"column":3}},"243":{"start":{"line":417,"column":4},"end":{"line":417,"column":65}},"244":{"start":{"line":418,"column":4},"end":{"line":418,"column":48}},"245":{"start":{"line":420,"column":4},"end":{"line":420,"column":53}},"246":{"start":{"line":425,"column":2},"end":{"line":435,"column":3}},"247":{"start":{"line":426,"column":18},"end":{"line":426,"column":55}},"248":{"start":{"line":427,"column":4},"end":{"line":427,"column":35}},"249":{"start":{"line":428,"column":4},"end":{"line":428,"column":32}},"250":{"start":{"line":429,"column":4},"end":{"line":429,"column":83}},"251":{"start":{"line":430,"column":4},"end":{"line":430,"column":72}},"252":{"start":{"line":431,"column":4},"end":{"line":431,"column":68}},"253":{"start":{"line":432,"column":4},"end":{"line":432,"column":20}},"254":{"start":{"line":434,"column":4},"end":{"line":434,"column":53}},"255":{"start":{"line":439,"column":2},"end":{"line":442,"column":3}},"256":{"start":{"line":440,"column":19},"end":{"line":440,"column":65}},"257":{"start":{"line":440,"column":26},"end":{"line":440,"column":65}},"258":{"start":{"line":440,"column":45},"end":{"line":440,"column":64}},"259":{"start":{"line":441,"column":4},"end":{"line":441,"column":40}},"260":{"start":{"line":444,"column":2},"end":{"line":449,"column":3}},"261":{"start":{"line":445,"column":16},"end":{"line":445,"column":82}},"262":{"start":{"line":446,"column":4},"end":{"line":446,"column":61}},"263":{"start":{"line":448,"column":4},"end":{"line":448,"column":46}},"264":{"start":{"line":453,"column":17},"end":{"line":453,"column":63}},"265":{"start":{"line":453,"column":24},"end":{"line":453,"column":63}},"266":{"start":{"line":453,"column":43},"end":{"line":453,"column":62}},"267":{"start":{"line":455,"column":14},"end":{"line":455,"column":35}},"268":{"start":{"line":456,"column":2},"end":{"line":456,"column":52}},"269":{"start":{"line":456,"column":14},"end":{"line":456,"column":42}},"270":{"start":{"line":456,"column":43},"end":{"line":456,"column":50}},"271":{"start":{"line":458,"column":16},"end":{"line":458,"column":39}},"272":{"start":{"line":459,"column":2},"end":{"line":459,"column":54}},"273":{"start":{"line":459,"column":16},"end":{"line":459,"column":44}},"274":{"start":{"line":459,"column":45},"end":{"line":459,"column":52}},"275":{"start":{"line":461,"column":2},"end":{"line":466,"column":3}},"276":{"start":{"line":462,"column":17},"end":{"line":462,"column":73}},"277":{"start":{"line":463,"column":4},"end":{"line":463,"column":56}},"278":{"start":{"line":465,"column":4},"end":{"line":465,"column":53}},"279":{"start":{"line":470,"column":2},"end":{"line":484,"column":3}},"280":{"start":{"line":471,"column":21},"end":{"line":471,"column":60}},"281":{"start":{"line":472,"column":4},"end":{"line":475,"column":5}},"282":{"start":{"line":473,"column":6},"end":{"line":473,"column":39}},"283":{"start":{"line":474,"column":6},"end":{"line":474,"column":13}},"284":{"start":{"line":476,"column":4},"end":{"line":476,"column":30}},"285":{"start":{"line":477,"column":4},"end":{"line":477,"column":32}},"286":{"start":{"line":478,"column":4},"end":{"line":480,"column":7}},"287":{"start":{"line":479,"column":6},"end":{"line":479,"column":59}},"288":{"start":{"line":481,"column":4},"end":{"line":481,"column":20}},"289":{"start":{"line":483,"column":4},"end":{"line":483,"column":53}},"290":{"start":{"line":488,"column":17},"end":{"line":488,"column":63}},"291":{"start":{"line":488,"column":24},"end":{"line":488,"column":63}},"292":{"start":{"line":488,"column":43},"end":{"line":488,"column":62}},"293":{"start":{"line":490,"column":2},"end":{"line":490,"column":67}},"294":{"start":{"line":491,"column":15},"end":{"line":491,"column":37}},"295":{"start":{"line":493,"column":2},"end":{"line":499,"column":3}},"296":{"start":{"line":494,"column":4},"end":{"line":494,"column":23}},"297":{"start":{"line":495,"column":4},"end":{"line":495,"column":37}},"298":{"start":{"line":496,"column":4},"end":{"line":496,"column":47}},"299":{"start":{"line":498,"column":4},"end":{"line":498,"column":43}},"300":{"start":{"line":503,"column":15},"end":{"line":503,"column":33}},"301":{"start":{"line":504,"column":2},"end":{"line":504,"column":29}},"302":{"start":{"line":505,"column":2},"end":{"line":505,"column":30}},"303":{"start":{"line":506,"column":2},"end":{"line":508,"column":5}},"304":{"start":{"line":507,"column":4},"end":{"line":507,"column":59}},"305":{"start":{"line":509,"column":2},"end":{"line":509,"column":18}},"306":{"start":{"line":512,"column":0},"end":{"line":515,"column":3}},"307":{"start":{"line":513,"column":2},"end":{"line":513,"column":30}},"308":{"start":{"line":514,"column":2},"end":{"line":514,"column":18}},"309":{"start":{"line":517,"column":0},"end":{"line":527,"column":3}},"310":{"start":{"line":529,"column":0},"end":{"line":529,"column":12}},"311":{"start":{"line":531,"column":0},"end":{"line":553,"column":3}},"312":{"start":{"line":532,"column":16},"end":{"line":532,"column":27}},"313":{"start":{"line":534,"column":2},"end":{"line":537,"column":3}},"314":{"start":{"line":535,"column":4},"end":{"line":535,"column":16}},"315":{"start":{"line":536,"column":4},"end":{"line":536,"column":11}},"316":{"start":{"line":539,"column":25},"end":{"line":539,"column":41}},"317":{"start":{"line":540,"column":15},"end":{"line":540,"column":33}},"318":{"start":{"line":542,"column":2},"end":{"line":550,"column":3}},"319":{"start":{"line":543,"column":4},"end":{"line":547,"column":5}},"320":{"start":{"line":544,"column":6},"end":{"line":544,"column":54}},"321":{"start":{"line":546,"column":6},"end":{"line":546,"column":55}},"322":{"start":{"line":549,"column":4},"end":{"line":549,"column":70}},"323":{"start":{"line":552,"column":2},"end":{"line":552,"column":14}}},"fnMap":{"0":{"name":"(anonymous_0)","decl":{"start":{"line":36,"column":49},"end":{"line":36,"column":50}},"loc":{"start":{"line":36,"column":55},"end":{"line":36,"column":70}},"line":36},"1":{"name":"(anonymous_1)","decl":{"start":{"line":37,"column":49},"end":{"line":37,"column":50}},"loc":{"start":{"line":37,"column":55},"end":{"line":37,"column":70}},"line":37},"2":{"name":"(anonymous_2)","decl":{"start":{"line":49,"column":49},"end":{"line":49,"column":50}},"loc":{"start":{"line":49,"column":55},"end":{"line":49,"column":70}},"line":49},"3":{"name":"(anonymous_3)","decl":{"start":{"line":63,"column":49},"end":{"line":63,"column":50}},"loc":{"start":{"line":63,"column":55},"end":{"line":63,"column":70}},"line":63},"4":{"name":"(anonymous_4)","decl":{"start":{"line":74,"column":49},"end":{"line":74,"column":50}},"loc":{"start":{"line":74,"column":55},"end":{"line":74,"column":70}},"line":74},"5":{"name":"apiRequest","decl":{"start":{"line":79,"column":9},"end":{"line":79,"column":19}},"loc":{"start":{"line":79,"column":47},"end":{"line":106,"column":1}},"line":79},"6":{"name":"(anonymous_6)","decl":{"start":{"line":80,"column":21},"end":{"line":80,"column":22}},"loc":{"start":{"line":80,"column":42},"end":{"line":105,"column":3}},"line":80},"7":{"name":"(anonymous_7)","decl":{"start":{"line":87,"column":43},"end":{"line":87,"column":44}},"loc":{"start":{"line":87,"column":52},"end":{"line":97,"column":5}},"line":87},"8":{"name":"(anonymous_8)","decl":{"start":{"line":89,"column":21},"end":{"line":89,"column":22}},"loc":{"start":{"line":89,"column":30},"end":{"line":89,"column":43}},"line":89},"9":{"name":"(anonymous_9)","decl":{"start":{"line":90,"column":20},"end":{"line":90,"column":21}},"loc":{"start":{"line":90,"column":26},"end":{"line":96,"column":7}},"line":90},"10":{"name":"listTasks","decl":{"start":{"line":108,"column":15},"end":{"line":108,"column":24}},"loc":{"start":{"line":108,"column":27},"end":{"line":126,"column":1}},"line":108},"11":{"name":"(anonymous_11)","decl":{"start":{"line":117,"column":18},"end":{"line":117,"column":19}},"loc":{"start":{"line":117,"column":23},"end":{"line":121,"column":5}},"line":117},"12":{"name":"addTask","decl":{"start":{"line":128,"column":15},"end":{"line":128,"column":22}},"loc":{"start":{"line":128,"column":25},"end":{"line":154,"column":1}},"line":128},"13":{"name":"(anonymous_13)","decl":{"start":{"line":129,"column":17},"end":{"line":129,"column":18}},"loc":{"start":{"line":129,"column":24},"end":{"line":129,"column":63}},"line":129},"14":{"name":"(anonymous_14)","decl":{"start":{"line":129,"column":36},"end":{"line":129,"column":37}},"loc":{"start":{"line":129,"column":43},"end":{"line":129,"column":62}},"line":129},"15":{"name":"getTask","decl":{"start":{"line":156,"column":15},"end":{"line":156,"column":22}},"loc":{"start":{"line":156,"column":27},"end":{"line":177,"column":1}},"line":156},"16":{"name":"(anonymous_16)","decl":{"start":{"line":158,"column":19},"end":{"line":158,"column":20}},"loc":{"start":{"line":158,"column":26},"end":{"line":158,"column":65}},"line":158},"17":{"name":"(anonymous_17)","decl":{"start":{"line":158,"column":38},"end":{"line":158,"column":39}},"loc":{"start":{"line":158,"column":45},"end":{"line":158,"column":64}},"line":158},"18":{"name":"updateTask","decl":{"start":{"line":179,"column":15},"end":{"line":179,"column":25}},"loc":{"start":{"line":179,"column":28},"end":{"line":194,"column":1}},"line":179},"19":{"name":"(anonymous_19)","decl":{"start":{"line":180,"column":17},"end":{"line":180,"column":18}},"loc":{"start":{"line":180,"column":24},"end":{"line":180,"column":63}},"line":180},"20":{"name":"(anonymous_20)","decl":{"start":{"line":180,"column":36},"end":{"line":180,"column":37}},"loc":{"start":{"line":180,"column":43},"end":{"line":180,"column":62}},"line":180},"21":{"name":"deleteTask","decl":{"start":{"line":196,"column":15},"end":{"line":196,"column":25}},"loc":{"start":{"line":196,"column":28},"end":{"line":206,"column":1}},"line":196},"22":{"name":"(anonymous_22)","decl":{"start":{"line":197,"column":17},"end":{"line":197,"column":18}},"loc":{"start":{"line":197,"column":24},"end":{"line":197,"column":63}},"line":197},"23":{"name":"(anonymous_23)","decl":{"start":{"line":197,"column":36},"end":{"line":197,"column":37}},"loc":{"start":{"line":197,"column":43},"end":{"line":197,"column":62}},"line":197},"24":{"name":"taskStats","decl":{"start":{"line":208,"column":15},"end":{"line":208,"column":24}},"loc":{"start":{"line":208,"column":27},"end":{"line":220,"column":1}},"line":208},"25":{"name":"showStats","decl":{"start":{"line":222,"column":15},"end":{"line":222,"column":24}},"loc":{"start":{"line":222,"column":27},"end":{"line":234,"column":1}},"line":222},"26":{"name":"searchMemory","decl":{"start":{"line":236,"column":15},"end":{"line":236,"column":27}},"loc":{"start":{"line":236,"column":35},"end":{"line":258,"column":1}},"line":236},"27":{"name":"(anonymous_27)","decl":{"start":{"line":238,"column":19},"end":{"line":238,"column":20}},"loc":{"start":{"line":238,"column":26},"end":{"line":238,"column":65}},"line":238},"28":{"name":"(anonymous_28)","decl":{"start":{"line":238,"column":38},"end":{"line":238,"column":39}},"loc":{"start":{"line":238,"column":45},"end":{"line":238,"column":64}},"line":238},"29":{"name":"(anonymous_29)","decl":{"start":{"line":250,"column":20},"end":{"line":250,"column":21}},"loc":{"start":{"line":250,"column":25},"end":{"line":253,"column":5}},"line":250},"30":{"name":"addMemory","decl":{"start":{"line":260,"column":15},"end":{"line":260,"column":24}},"loc":{"start":{"line":260,"column":27},"end":{"line":283,"column":1}},"line":260},"31":{"name":"(anonymous_31)","decl":{"start":{"line":261,"column":17},"end":{"line":261,"column":18}},"loc":{"start":{"line":261,"column":24},"end":{"line":261,"column":63}},"line":261},"32":{"name":"(anonymous_32)","decl":{"start":{"line":261,"column":36},"end":{"line":261,"column":37}},"loc":{"start":{"line":261,"column":43},"end":{"line":261,"column":62}},"line":261},"33":{"name":"(anonymous_33)","decl":{"start":{"line":276,"column":32},"end":{"line":276,"column":33}},"loc":{"start":{"line":276,"column":37},"end":{"line":276,"column":45}},"line":276},"34":{"name":"recentMemories","decl":{"start":{"line":285,"column":15},"end":{"line":285,"column":29}},"loc":{"start":{"line":285,"column":32},"end":{"line":301,"column":1}},"line":285},"35":{"name":"(anonymous_35)","decl":{"start":{"line":294,"column":21},"end":{"line":294,"column":22}},"loc":{"start":{"line":294,"column":26},"end":{"line":296,"column":5}},"line":294},"36":{"name":"memoryStats","decl":{"start":{"line":303,"column":15},"end":{"line":303,"column":26}},"loc":{"start":{"line":303,"column":29},"end":{"line":315,"column":1}},"line":303},"37":{"name":"(anonymous_37)","decl":{"start":{"line":310,"column":65},"end":{"line":310,"column":66}},"loc":{"start":{"line":310,"column":70},"end":{"line":310,"column":118}},"line":310},"38":{"name":"listExchanges","decl":{"start":{"line":317,"column":15},"end":{"line":317,"column":28}},"loc":{"start":{"line":317,"column":31},"end":{"line":335,"column":1}},"line":317},"39":{"name":"(anonymous_39)","decl":{"start":{"line":326,"column":22},"end":{"line":326,"column":23}},"loc":{"start":{"line":326,"column":27},"end":{"line":330,"column":5}},"line":326},"40":{"name":"createExchange","decl":{"start":{"line":337,"column":15},"end":{"line":337,"column":29}},"loc":{"start":{"line":337,"column":32},"end":{"line":370,"column":1}},"line":337},"41":{"name":"(anonymous_41)","decl":{"start":{"line":338,"column":17},"end":{"line":338,"column":18}},"loc":{"start":{"line":338,"column":24},"end":{"line":338,"column":63}},"line":338},"42":{"name":"(anonymous_42)","decl":{"start":{"line":338,"column":36},"end":{"line":338,"column":37}},"loc":{"start":{"line":338,"column":43},"end":{"line":338,"column":62}},"line":338},"43":{"name":"getExchange","decl":{"start":{"line":372,"column":15},"end":{"line":372,"column":26}},"loc":{"start":{"line":372,"column":31},"end":{"line":393,"column":1}},"line":372},"44":{"name":"(anonymous_44)","decl":{"start":{"line":374,"column":19},"end":{"line":374,"column":20}},"loc":{"start":{"line":374,"column":26},"end":{"line":374,"column":65}},"line":374},"45":{"name":"(anonymous_45)","decl":{"start":{"line":374,"column":38},"end":{"line":374,"column":39}},"loc":{"start":{"line":374,"column":45},"end":{"line":374,"column":64}},"line":374},"46":{"name":"respondToExchange","decl":{"start":{"line":395,"column":15},"end":{"line":395,"column":32}},"loc":{"start":{"line":395,"column":35},"end":{"line":410,"column":1}},"line":395},"47":{"name":"(anonymous_47)","decl":{"start":{"line":396,"column":17},"end":{"line":396,"column":18}},"loc":{"start":{"line":396,"column":24},"end":{"line":396,"column":63}},"line":396},"48":{"name":"(anonymous_48)","decl":{"start":{"line":396,"column":36},"end":{"line":396,"column":37}},"loc":{"start":{"line":396,"column":43},"end":{"line":396,"column":62}},"line":396},"49":{"name":"closeExchange","decl":{"start":{"line":412,"column":15},"end":{"line":412,"column":28}},"loc":{"start":{"line":412,"column":31},"end":{"line":422,"column":1}},"line":412},"50":{"name":"(anonymous_50)","decl":{"start":{"line":413,"column":17},"end":{"line":413,"column":18}},"loc":{"start":{"line":413,"column":24},"end":{"line":413,"column":63}},"line":413},"51":{"name":"(anonymous_51)","decl":{"start":{"line":413,"column":36},"end":{"line":413,"column":37}},"loc":{"start":{"line":413,"column":43},"end":{"line":413,"column":62}},"line":413},"52":{"name":"bridgeStats","decl":{"start":{"line":424,"column":15},"end":{"line":424,"column":26}},"loc":{"start":{"line":424,"column":29},"end":{"line":436,"column":1}},"line":424},"53":{"name":"getContext","decl":{"start":{"line":438,"column":15},"end":{"line":438,"column":25}},"loc":{"start":{"line":438,"column":31},"end":{"line":450,"column":1}},"line":438},"54":{"name":"(anonymous_54)","decl":{"start":{"line":440,"column":19},"end":{"line":440,"column":20}},"loc":{"start":{"line":440,"column":26},"end":{"line":440,"column":65}},"line":440},"55":{"name":"(anonymous_55)","decl":{"start":{"line":440,"column":38},"end":{"line":440,"column":39}},"loc":{"start":{"line":440,"column":45},"end":{"line":440,"column":64}},"line":440},"56":{"name":"setContext","decl":{"start":{"line":452,"column":15},"end":{"line":452,"column":25}},"loc":{"start":{"line":452,"column":28},"end":{"line":467,"column":1}},"line":452},"57":{"name":"(anonymous_57)","decl":{"start":{"line":453,"column":17},"end":{"line":453,"column":18}},"loc":{"start":{"line":453,"column":24},"end":{"line":453,"column":63}},"line":453},"58":{"name":"(anonymous_58)","decl":{"start":{"line":453,"column":36},"end":{"line":453,"column":37}},"loc":{"start":{"line":453,"column":43},"end":{"line":453,"column":62}},"line":453},"59":{"name":"getAllContext","decl":{"start":{"line":469,"column":15},"end":{"line":469,"column":28}},"loc":{"start":{"line":469,"column":31},"end":{"line":485,"column":1}},"line":469},"60":{"name":"(anonymous_60)","decl":{"start":{"line":478,"column":21},"end":{"line":478,"column":22}},"loc":{"start":{"line":478,"column":26},"end":{"line":480,"column":5}},"line":478},"61":{"name":"switchMode","decl":{"start":{"line":487,"column":15},"end":{"line":487,"column":25}},"loc":{"start":{"line":487,"column":28},"end":{"line":500,"column":1}},"line":487},"62":{"name":"(anonymous_62)","decl":{"start":{"line":488,"column":17},"end":{"line":488,"column":18}},"loc":{"start":{"line":488,"column":24},"end":{"line":488,"column":63}},"line":488},"63":{"name":"(anonymous_63)","decl":{"start":{"line":488,"column":36},"end":{"line":488,"column":37}},"loc":{"start":{"line":488,"column":43},"end":{"line":488,"column":62}},"line":488},"64":{"name":"showHelp","decl":{"start":{"line":502,"column":15},"end":{"line":502,"column":23}},"loc":{"start":{"line":502,"column":26},"end":{"line":510,"column":1}},"line":502},"65":{"name":"(anonymous_65)","decl":{"start":{"line":506,"column":40},"end":{"line":506,"column":41}},"loc":{"start":{"line":506,"column":57},"end":{"line":508,"column":3}},"line":506},"66":{"name":"(anonymous_66)","decl":{"start":{"line":512,"column":15},"end":{"line":512,"column":16}},"loc":{"start":{"line":512,"column":21},"end":{"line":515,"column":1}},"line":512},"67":{"name":"(anonymous_67)","decl":{"start":{"line":531,"column":14},"end":{"line":531,"column":15}},"loc":{"start":{"line":531,"column":30},"end":{"line":553,"column":1}},"line":531}},"branchMap":{"0":{"loc":{"start":{"line":10,"column":17},"end":{"line":10,"column":63}},"type":"binary-expr","locations":[{"start":{"line":10,"column":17},"end":{"line":10,"column":36}},{"start":{"line":10,"column":40},"end":{"line":10,"column":63}}],"line":10},"1":{"loc":{"start":{"line":79,"column":34},"end":{"line":79,"column":45}},"type":"default-arg","locations":[{"start":{"line":79,"column":41},"end":{"line":79,"column":45}}],"line":79},"2":{"loc":{"start":{"line":101,"column":4},"end":{"line":103,"column":5}},"type":"if","locations":[{"start":{"line":101,"column":4},"end":{"line":103,"column":5}},{"start":{},"end":{}}],"line":101},"3":{"loc":{"start":{"line":111,"column":4},"end":{"line":114,"column":5}},"type":"if","locations":[{"start":{"line":111,"column":4},"end":{"line":114,"column":5}},{"start":{},"end":{}}],"line":111},"4":{"loc":{"start":{"line":118,"column":21},"end":{"line":118,"column":118}},"type":"cond-expr","locations":[{"start":{"line":118,"column":43},"end":{"line":118,"column":46}},{"start":{"line":118,"column":49},"end":{"line":118,"column":118}}],"line":118},"5":{"loc":{"start":{"line":118,"column":49},"end":{"line":118,"column":118}},"type":"cond-expr","locations":[{"start":{"line":118,"column":78},"end":{"line":118,"column":81}},{"start":{"line":118,"column":84},"end":{"line":118,"column":118}}],"line":118},"6":{"loc":{"start":{"line":118,"column":84},"end":{"line":118,"column":118}},"type":"cond-expr","locations":[{"start":{"line":118,"column":109},"end":{"line":118,"column":112}},{"start":{"line":118,"column":115},"end":{"line":118,"column":118}}],"line":118},"7":{"loc":{"start":{"line":135,"column":2},"end":{"line":135,"column":54}},"type":"if","locations":[{"start":{"line":135,"column":2},"end":{"line":135,"column":54}},{"start":{},"end":{}}],"line":135},"8":{"loc":{"start":{"line":138,"column":18},"end":{"line":138,"column":75}},"type":"binary-expr","locations":[{"start":{"line":138,"column":18},"end":{"line":138,"column":62}},{"start":{"line":138,"column":66},"end":{"line":138,"column":75}}],"line":138},"9":{"loc":{"start":{"line":139,"column":19},"end":{"line":139,"column":70}},"type":"binary-expr","locations":[{"start":{"line":139,"column":19},"end":{"line":139,"column":63}},{"start":{"line":139,"column":67},"end":{"line":139,"column":70}}],"line":139},"10":{"loc":{"start":{"line":140,"column":18},"end":{"line":140,"column":68}},"type":"binary-expr","locations":[{"start":{"line":140,"column":18},"end":{"line":140,"column":61}},{"start":{"line":140,"column":65},"end":{"line":140,"column":68}}],"line":140},"11":{"loc":{"start":{"line":157,"column":2},"end":{"line":160,"column":3}},"type":"if","locations":[{"start":{"line":157,"column":2},"end":{"line":160,"column":3}},{"start":{},"end":{}}],"line":157},"12":{"loc":{"start":{"line":171,"column":29},"end":{"line":171,"column":60}},"type":"binary-expr","locations":[{"start":{"line":171,"column":29},"end":{"line":171,"column":50}},{"start":{"line":171,"column":54},"end":{"line":171,"column":60}}],"line":171},"13":{"loc":{"start":{"line":183,"column":2},"end":{"line":183,"column":51}},"type":"if","locations":[{"start":{"line":183,"column":2},"end":{"line":183,"column":51}},{"start":{},"end":{}}],"line":183},"14":{"loc":{"start":{"line":186,"column":2},"end":{"line":186,"column":55}},"type":"if","locations":[{"start":{"line":186,"column":2},"end":{"line":186,"column":55}},{"start":{},"end":{}}],"line":186},"15":{"loc":{"start":{"line":237,"column":2},"end":{"line":240,"column":3}},"type":"if","locations":[{"start":{"line":237,"column":2},"end":{"line":240,"column":3}},{"start":{},"end":{}}],"line":237},"16":{"loc":{"start":{"line":244,"column":4},"end":{"line":247,"column":5}},"type":"if","locations":[{"start":{"line":244,"column":4},"end":{"line":247,"column":5}},{"start":{},"end":{}}],"line":244},"17":{"loc":{"start":{"line":251,"column":58},"end":{"line":251,"column":92}},"type":"cond-expr","locations":[{"start":{"line":251,"column":82},"end":{"line":251,"column":87}},{"start":{"line":251,"column":90},"end":{"line":251,"column":92}}],"line":251},"18":{"loc":{"start":{"line":252,"column":29},"end":{"line":252,"column":57}},"type":"binary-expr","locations":[{"start":{"line":252,"column":29},"end":{"line":252,"column":47}},{"start":{"line":252,"column":51},"end":{"line":252,"column":57}}],"line":252},"19":{"loc":{"start":{"line":267,"column":2},"end":{"line":267,"column":56}},"type":"if","locations":[{"start":{"line":267,"column":2},"end":{"line":267,"column":56}},{"start":{},"end":{}}],"line":267},"20":{"loc":{"start":{"line":269,"column":15},"end":{"line":269,"column":111}},"type":"binary-expr","locations":[{"start":{"line":269,"column":15},"end":{"line":269,"column":101}},{"start":{"line":269,"column":105},"end":{"line":269,"column":111}}],"line":269},"21":{"loc":{"start":{"line":270,"column":15},"end":{"line":270,"column":61}},"type":"binary-expr","locations":[{"start":{"line":270,"column":15},"end":{"line":270,"column":55}},{"start":{"line":270,"column":59},"end":{"line":270,"column":61}}],"line":270},"22":{"loc":{"start":{"line":288,"column":4},"end":{"line":291,"column":5}},"type":"if","locations":[{"start":{"line":288,"column":4},"end":{"line":291,"column":5}},{"start":{},"end":{}}],"line":288},"23":{"loc":{"start":{"line":295,"column":58},"end":{"line":295,"column":92}},"type":"cond-expr","locations":[{"start":{"line":295,"column":82},"end":{"line":295,"column":87}},{"start":{"line":295,"column":90},"end":{"line":295,"column":92}}],"line":295},"24":{"loc":{"start":{"line":320,"column":4},"end":{"line":323,"column":5}},"type":"if","locations":[{"start":{"line":320,"column":4},"end":{"line":323,"column":5}},{"start":{},"end":{}}],"line":320},"25":{"loc":{"start":{"line":327,"column":21},"end":{"line":327,"column":115}},"type":"cond-expr","locations":[{"start":{"line":327,"column":43},"end":{"line":327,"column":46}},{"start":{"line":327,"column":49},"end":{"line":327,"column":115}}],"line":327},"26":{"loc":{"start":{"line":327,"column":49},"end":{"line":327,"column":115}},"type":"cond-expr","locations":[{"start":{"line":327,"column":76},"end":{"line":327,"column":79}},{"start":{"line":327,"column":82},"end":{"line":327,"column":115}}],"line":327},"27":{"loc":{"start":{"line":327,"column":82},"end":{"line":327,"column":115}},"type":"cond-expr","locations":[{"start":{"line":327,"column":106},"end":{"line":327,"column":109}},{"start":{"line":327,"column":112},"end":{"line":327,"column":115}}],"line":327},"28":{"loc":{"start":{"line":329,"column":33},"end":{"line":329,"column":51}},"type":"binary-expr","locations":[{"start":{"line":329,"column":33},"end":{"line":329,"column":41}},{"start":{"line":329,"column":45},"end":{"line":329,"column":51}}],"line":329},"29":{"loc":{"start":{"line":345,"column":2},"end":{"line":345,"column":61}},"type":"if","locations":[{"start":{"line":345,"column":2},"end":{"line":345,"column":61}},{"start":{},"end":{}}],"line":345},"30":{"loc":{"start":{"line":348,"column":2},"end":{"line":348,"column":56}},"type":"if","locations":[{"start":{"line":348,"column":2},"end":{"line":348,"column":56}},{"start":{},"end":{}}],"line":348},"31":{"loc":{"start":{"line":351,"column":2},"end":{"line":351,"column":56}},"type":"if","locations":[{"start":{"line":351,"column":2},"end":{"line":351,"column":56}},{"start":{},"end":{}}],"line":351},"32":{"loc":{"start":{"line":355,"column":19},"end":{"line":355,"column":99}},"type":"binary-expr","locations":[{"start":{"line":355,"column":19},"end":{"line":355,"column":87}},{"start":{"line":355,"column":91},"end":{"line":355,"column":99}}],"line":355},"33":{"loc":{"start":{"line":373,"column":2},"end":{"line":376,"column":3}},"type":"if","locations":[{"start":{"line":373,"column":2},"end":{"line":376,"column":3}},{"start":{},"end":{}}],"line":373},"34":{"loc":{"start":{"line":399,"column":2},"end":{"line":399,"column":51}},"type":"if","locations":[{"start":{"line":399,"column":2},"end":{"line":399,"column":51}},{"start":{},"end":{}}],"line":399},"35":{"loc":{"start":{"line":402,"column":2},"end":{"line":402,"column":57}},"type":"if","locations":[{"start":{"line":402,"column":2},"end":{"line":402,"column":57}},{"start":{},"end":{}}],"line":402},"36":{"loc":{"start":{"line":439,"column":2},"end":{"line":442,"column":3}},"type":"if","locations":[{"start":{"line":439,"column":2},"end":{"line":442,"column":3}},{"start":{},"end":{}}],"line":439},"37":{"loc":{"start":{"line":456,"column":2},"end":{"line":456,"column":52}},"type":"if","locations":[{"start":{"line":456,"column":2},"end":{"line":456,"column":52}},{"start":{},"end":{}}],"line":456},"38":{"loc":{"start":{"line":459,"column":2},"end":{"line":459,"column":54}},"type":"if","locations":[{"start":{"line":459,"column":2},"end":{"line":459,"column":54}},{"start":{},"end":{}}],"line":459},"39":{"loc":{"start":{"line":472,"column":4},"end":{"line":475,"column":5}},"type":"if","locations":[{"start":{"line":472,"column":4},"end":{"line":475,"column":5}},{"start":{},"end":{}}],"line":472},"40":{"loc":{"start":{"line":493,"column":2},"end":{"line":499,"column":3}},"type":"if","locations":[{"start":{"line":493,"column":2},"end":{"line":499,"column":3}},{"start":{"line":497,"column":9},"end":{"line":499,"column":3}}],"line":493},"41":{"loc":{"start":{"line":534,"column":2},"end":{"line":537,"column":3}},"type":"if","locations":[{"start":{"line":534,"column":2},"end":{"line":537,"column":3}},{"start":{},"end":{}}],"line":534},"42":{"loc":{"start":{"line":542,"column":2},"end":{"line":550,"column":3}},"type":"if","locations":[{"start":{"line":542,"column":2},"end":{"line":550,"column":3}},{"start":{"line":548,"column":9},"end":{"line":550,"column":3}}],"line":542}},"s":{"0":0,"1":0,"2":0,"3":0,"4":0,"5":0,"6":0,"7":0,"8":0,"9":0,"10":0,"11":0,"12":0,"13":0,"14":0,"15":0,"16":0,"17":0,"18":0,"19":0,"20":0,"21":0,"22":0,"23":0,"24":0,"25":0,"26":0,"27":0,"28":0,"29":0,"30":0,"31":0,"32":0,"33":0,"34":0,"35":0,"36":0,"37":0,"38":0,"39":0,"40":0,"41":0,"42":0,"43":0,"44":0,"45":0,"46":0,"47":0,"48":0,"49":0,"50":0,"51":0,"52":0,"53":0,"54":0,"55":0,"56":0,"57":0,"58":0,"59":0,"60":0,"61":0,"62":0,"63":0,"64":0,"65":0,"66":0,"67":0,"68":0,"69":0,"70":0,"71":0,"72":0,"73":0,"74":0,"75":0,"76":0,"77":0,"78":0,"79":0,"80":0,"81":0,"82":0,"83":0,"84":0,"85":0,"86":0,"87":0,"88":0,"89":0,"90":0,"91":0,"92":0,"93":0,"94":0,"95":0,"96":0,"97":0,"98":0,"99":0,"100":0,"101":0,"102":0,"103":0,"104":0,"105":0,"106":0,"107":0,"108":0,"109":0,"110":0,"111":0,"112":0,"113":0,"114":0,"115":0,"116":0,"117":0,"118":0,"119":0,"120":0,"121":0,"122":0,"123":0,"124":0,"125":0,"126":0,"127":0,"128":0,"129":0,"130":0,"131":0,"132":0,"133":0,"134":0,"135":0,"136":0,"137":0,"138":0,"139":0,"140":0,"141":0,"142":0,"143":0,"144":0,"145":0,"146":0,"147":0,"148":0,"149":0,"150":0,"151":0,"152":0,"153":0,"154":0,"155":0,"156":0,"157":0,"158":0,"159":0,"160":0,"161":0,"162":0,"163":0,"164":0,"165":0,"166":0,"167":0,"168":0,"169":0,"170":0,"171":0,"172":0,"173":0,"174":0,"175":0,"176":0,"177":0,"178":0,"179":0,"180":0,"181":0,"182":0,"183":0,"184":0,"185":0,"186":0,"187":0,"188":0,"189":0,"190":0,"191":0,"192":0,"193":0,"194":0,"195":0,"196":0,"197":0,"198":0,"199":0,"200":0,"201":0,"202":0,"203":0,"204":0,"205":0,"206":0,"207":0,"208":0,"209":0,"210":0,"211":0,"212":0,"213":0,"214":0,"215":0,"216":0,"217":0,"218":0,"219":0,"220":0,"221":0,"222":0,"223":0,"224":0,"225":0,"226":0,"227":0,"228":0,"229":0,"230":0,"231":0,"232":0,"233":0,"234":0,"235":0,"236":0,"237":0,"238":0,"239":0,"240":0,"241":0,"242":0,"243":0,"244":0,"245":0,"246":0,"247":0,"248":0,"249":0,"250":0,"251":0,"252":0,"253":0,"254":0,"255":0,"256":0,"257":0,"258":0,"259":0,"260":0,"261":0,"262":0,"263":0,"264":0,"265":0,"266":0,"267":0,"268":0,"269":0,"270":0,"271":0,"272":0,"273":0,"274":0,"275":0,"276":0,"277":0,"278":0,"279":0,"280":0,"281":0,"282":0,"283":0,"284":0,"285":0,"286":0,"287":0,"288":0,"289":0,"290":0,"291":0,"292":0,"293":0,"294":0,"295":0,"296":0,"297":0,"298":0,"299":0,"300":0,"301":0,"302":0,"303":0,"304":0,"305":0,"306":0,"307":0,"308":0,"309":0,"310":0,"311":0,"312":0,"313":0,"314":0,"315":0,"316":0,"317":0,"318":0,"319":0,"320":0,"321":0,"322":0,"323":0},"f":{"0":0,"1":0,"2":0,"3":0,"4":0,"5":0,"6":0,"7":0,"8":0,"9":0,"10":0,"11":0,"12":0,"13":0,"14":0,"15":0,"16":0,"17":0,"18":0,"19":0,"20":0,"21":0,"22":0,"23":0,"24":0,"25":0,"26":0,"27":0,"28":0,"29":0,"30":0,"31":0,"32":0,"33":0,"34":0,"35":0,"36":0,"37":0,"38":0,"39":0,"40":0,"41":0,"42":0,"43":0,"44":0,"45":0,"46":0,"47":0,"48":0,"49":0,"50":0,"51":0,"52":0,"53":0,"54":0,"55":0,"56":0,"57":0,"58":0,"59":0,"60":0,"61":0,"62":0,"63":0,"64":0,"65":0,"66":0,"67":0},"b":{"0":[0,0],"1":[0],"2":[0,0],"3":[0,0],"4":[0,0],"5":[0,0],"6":[0,0],"7":[0,0],"8":[0,0],"9":[0,0],"10":[0,0],"11":[0,0],"12":[0,0],"13":[0,0],"14":[0,0],"15":[0,0],"16":[0,0],"17":[0,0],"18":[0,0],"19":[0,0],"20":[0,0],"21":[0,0],"22":[0,0],"23":[0,0],"24":[0,0],"25":[0,0],"26":[0,0],"27":[0,0],"28":[0,0],"29":[0,0],"30":[0,0],"31":[0,0],"32":[0,0],"33":[0,0],"34":[0,0],"35":[0,0],"36":[0,0],"37":[0,0],"38":[0,0],"39":[0,0],"40":[0,0],"41":[0,0],"42":[0,0]},"inputSourceMap":null}
,"/data/.openclaw/workspace/creative-ai/src/context.js": {"path":"/data/.openclaw/workspace/creative-ai/src/context.js","statementMap":{"0":{"start":{"line":9,"column":19},"end":{"line":9,"column":26}},"1":{"start":{"line":11,"column":17},"end":{"line":11,"column":50}},"2":{"start":{"line":12,"column":18},"end":{"line":12,"column":83}},"3":{"start":{"line":14,"column":15},"end":{"line":23,"column":4}},"4":{"start":{"line":25,"column":2},"end":{"line":25,"column":53}},"5":{"start":{"line":27,"column":2},"end":{"line":27,"column":25}},"6":{"start":{"line":31,"column":19},"end":{"line":31,"column":26}},"7":{"start":{"line":32,"column":14},"end":{"line":32,"column":78}},"8":{"start":{"line":34,"column":2},"end":{"line":34,"column":24}},"9":{"start":{"line":34,"column":12},"end":{"line":34,"column":24}},"10":{"start":{"line":36,"column":2},"end":{"line":39,"column":4}},"11":{"start":{"line":43,"column":19},"end":{"line":43,"column":26}},"12":{"start":{"line":45,"column":14},"end":{"line":45,"column":37}},"13":{"start":{"line":46,"column":17},"end":{"line":46,"column":19}},"14":{"start":{"line":48,"column":2},"end":{"line":51,"column":3}},"15":{"start":{"line":49,"column":4},"end":{"line":49,"column":58}},"16":{"start":{"line":50,"column":4},"end":{"line":50,"column":25}},"17":{"start":{"line":53,"column":2},"end":{"line":53,"column":31}},"18":{"start":{"line":55,"column":15},"end":{"line":55,"column":53}},"19":{"start":{"line":57,"column":2},"end":{"line":60,"column":6}},"20":{"start":{"line":57,"column":26},"end":{"line":60,"column":3}},"21":{"start":{"line":64,"column":19},"end":{"line":64,"column":26}},"22":{"start":{"line":65,"column":17},"end":{"line":65,"column":79}},"23":{"start":{"line":66,"column":2},"end":{"line":66,"column":28}},"24":{"start":{"line":72,"column":19},"end":{"line":72,"column":26}},"25":{"start":{"line":73,"column":14},"end":{"line":73,"column":78}},"26":{"start":{"line":75,"column":2},"end":{"line":75,"column":22}},"27":{"start":{"line":75,"column":12},"end":{"line":75,"column":22}},"28":{"start":{"line":77,"column":2},"end":{"line":81,"column":5}},"29":{"start":{"line":85,"column":19},"end":{"line":85,"column":26}},"30":{"start":{"line":87,"column":15},"end":{"line":91,"column":4}},"31":{"start":{"line":93,"column":2},"end":{"line":93,"column":23}},"32":{"start":{"line":94,"column":2},"end":{"line":94,"column":28}},"33":{"start":{"line":98,"column":19},"end":{"line":98,"column":26}},"34":{"start":{"line":99,"column":14},"end":{"line":99,"column":86}},"35":{"start":{"line":100,"column":2},"end":{"line":100,"column":40}},"36":{"start":{"line":104,"column":19},"end":{"line":104,"column":26}},"37":{"start":{"line":105,"column":15},"end":{"line":105,"column":83}},"38":{"start":{"line":106,"column":2},"end":{"line":106,"column":61}},"39":{"start":{"line":106,"column":42},"end":{"line":106,"column":58}}},"fnMap":{"0":{"name":"setContext","decl":{"start":{"line":8,"column":16},"end":{"line":8,"column":26}},"loc":{"start":{"line":8,"column":98},"end":{"line":28,"column":1}},"line":8},"1":{"name":"getContext","decl":{"start":{"line":30,"column":16},"end":{"line":30,"column":26}},"loc":{"start":{"line":30,"column":32},"end":{"line":40,"column":1}},"line":30},"2":{"name":"getAllContext","decl":{"start":{"line":42,"column":16},"end":{"line":42,"column":29}},"loc":{"start":{"line":42,"column":46},"end":{"line":61,"column":1}},"line":42},"3":{"name":"(anonymous_3)","decl":{"start":{"line":57,"column":18},"end":{"line":57,"column":19}},"loc":{"start":{"line":57,"column":26},"end":{"line":60,"column":3}},"line":57},"4":{"name":"deleteContext","decl":{"start":{"line":63,"column":16},"end":{"line":63,"column":29}},"loc":{"start":{"line":63,"column":35},"end":{"line":67,"column":1}},"line":63},"5":{"name":"getContextHistory","decl":{"start":{"line":69,"column":16},"end":{"line":69,"column":33}},"loc":{"start":{"line":69,"column":52},"end":{"line":82,"column":1}},"line":69},"6":{"name":"setPreference","decl":{"start":{"line":84,"column":16},"end":{"line":84,"column":29}},"loc":{"start":{"line":84,"column":42},"end":{"line":95,"column":1}},"line":84},"7":{"name":"getPreference","decl":{"start":{"line":97,"column":16},"end":{"line":97,"column":29}},"loc":{"start":{"line":97,"column":56},"end":{"line":101,"column":1}},"line":97},"8":{"name":"getAllPreferences","decl":{"start":{"line":103,"column":16},"end":{"line":103,"column":33}},"loc":{"start":{"line":103,"column":36},"end":{"line":107,"column":1}},"line":103},"9":{"name":"(anonymous_9)","decl":{"start":{"line":106,"column":37},"end":{"line":106,"column":38}},"loc":{"start":{"line":106,"column":42},"end":{"line":106,"column":58}},"line":106}},"branchMap":{"0":{"loc":{"start":{"line":8,"column":39},"end":{"line":8,"column":54}},"type":"default-arg","locations":[{"start":{"line":8,"column":46},"end":{"line":8,"column":54}}],"line":8},"1":{"loc":{"start":{"line":8,"column":56},"end":{"line":8,"column":74}},"type":"default-arg","locations":[{"start":{"line":8,"column":66},"end":{"line":8,"column":74}}],"line":8},"2":{"loc":{"start":{"line":8,"column":76},"end":{"line":8,"column":96}},"type":"default-arg","locations":[{"start":{"line":8,"column":88},"end":{"line":8,"column":96}}],"line":8},"3":{"loc":{"start":{"line":11,"column":17},"end":{"line":11,"column":50}},"type":"cond-expr","locations":[{"start":{"line":11,"column":37},"end":{"line":11,"column":43}},{"start":{"line":11,"column":46},"end":{"line":11,"column":50}}],"line":11},"4":{"loc":{"start":{"line":12,"column":18},"end":{"line":12,"column":83}},"type":"cond-expr","locations":[{"start":{"line":12,"column":46},"end":{"line":12,"column":67}},{"start":{"line":12,"column":70},"end":{"line":12,"column":83}}],"line":12},"5":{"loc":{"start":{"line":34,"column":2},"end":{"line":34,"column":24}},"type":"if","locations":[{"start":{"line":34,"column":2},"end":{"line":34,"column":24}},{"start":{},"end":{}}],"line":34},"6":{"loc":{"start":{"line":38,"column":11},"end":{"line":38,"column":66}},"type":"cond-expr","locations":[{"start":{"line":38,"column":33},"end":{"line":38,"column":54}},{"start":{"line":38,"column":57},"end":{"line":38,"column":66}}],"line":38},"7":{"loc":{"start":{"line":42,"column":30},"end":{"line":42,"column":44}},"type":"default-arg","locations":[{"start":{"line":42,"column":40},"end":{"line":42,"column":44}}],"line":42},"8":{"loc":{"start":{"line":48,"column":2},"end":{"line":51,"column":3}},"type":"if","locations":[{"start":{"line":48,"column":2},"end":{"line":51,"column":3}},{"start":{},"end":{}}],"line":48},"9":{"loc":{"start":{"line":59,"column":11},"end":{"line":59,"column":66}},"type":"cond-expr","locations":[{"start":{"line":59,"column":33},"end":{"line":59,"column":54}},{"start":{"line":59,"column":57},"end":{"line":59,"column":66}}],"line":59},"10":{"loc":{"start":{"line":69,"column":39},"end":{"line":69,"column":50}},"type":"default-arg","locations":[{"start":{"line":69,"column":48},"end":{"line":69,"column":50}}],"line":69},"11":{"loc":{"start":{"line":75,"column":2},"end":{"line":75,"column":22}},"type":"if","locations":[{"start":{"line":75,"column":2},"end":{"line":75,"column":22}},{"start":{},"end":{}}],"line":75},"12":{"loc":{"start":{"line":79,"column":11},"end":{"line":79,"column":66}},"type":"cond-expr","locations":[{"start":{"line":79,"column":33},"end":{"line":79,"column":54}},{"start":{"line":79,"column":57},"end":{"line":79,"column":66}}],"line":79},"13":{"loc":{"start":{"line":97,"column":35},"end":{"line":97,"column":54}},"type":"default-arg","locations":[{"start":{"line":97,"column":50},"end":{"line":97,"column":54}}],"line":97},"14":{"loc":{"start":{"line":100,"column":9},"end":{"line":100,"column":39}},"type":"cond-expr","locations":[{"start":{"line":100,"column":15},"end":{"line":100,"column":24}},{"start":{"line":100,"column":27},"end":{"line":100,"column":39}}],"line":100}},"s":{"0":4,"1":4,"2":4,"3":4,"4":4,"5":4,"6":7,"7":7,"8":7,"9":1,"10":6,"11":2,"12":2,"13":2,"14":2,"15":1,"16":1,"17":2,"18":2,"19":2,"20":3,"21":2,"22":2,"23":2,"24":0,"25":0,"26":0,"27":0,"28":0,"29":1,"30":1,"31":1,"32":1,"33":3,"34":3,"35":3,"36":1,"37":1,"38":1,"39":2},"f":{"0":4,"1":7,"2":2,"3":3,"4":2,"5":0,"6":1,"7":3,"8":1,"9":2},"b":{"0":[2],"1":[3],"2":[3],"3":[0,4],"4":[1,3],"5":[1,6],"6":[2,4],"7":[1],"8":[1,1],"9":[0,3],"10":[0],"11":[0,0],"12":[0,0],"13":[2],"14":[2,1]},"inputSourceMap":null,"_coverageSchema":"1a1c01bbd47fc00a2c39e90264f33305004495a9","hash":"6f91dd7b3ee9ebc48b7ff27a11708548c921ca0e"}
,"/data/.openclaw/workspace/creative-ai/src/db.js": {"path":"/data/.openclaw/workspace/creative-ai/src/db.js","statementMap":{"0":{"start":{"line":11,"column":19},"end":{"line":11,"column":49}},"1":{"start":{"line":12,"column":18},"end":{"line":12,"column":37}},"2":{"start":{"line":14,"column":16},"end":{"line":14,"column":80}},"3":{"start":{"line":16,"column":9},"end":{"line":16,"column":13}},"4":{"start":{"line":19,"column":2},"end":{"line":26,"column":3}},"5":{"start":{"line":20,"column":4},"end":{"line":20,"column":31}},"6":{"start":{"line":21,"column":4},"end":{"line":21,"column":36}},"7":{"start":{"line":22,"column":4},"end":{"line":22,"column":35}},"8":{"start":{"line":23,"column":4},"end":{"line":23,"column":38}},"9":{"start":{"line":24,"column":4},"end":{"line":24,"column":37}},"10":{"start":{"line":25,"column":4},"end":{"line":25,"column":39}},"11":{"start":{"line":27,"column":2},"end":{"line":27,"column":12}},"12":{"start":{"line":31,"column":19},"end":{"line":31,"column":26}},"13":{"start":{"line":32,"column":21},"end":{"line":32,"column":62}},"14":{"start":{"line":34,"column":2},"end":{"line":42,"column":3}},"15":{"start":{"line":35,"column":19},"end":{"line":35,"column":51}},"16":{"start":{"line":36,"column":4},"end":{"line":36,"column":26}},"17":{"start":{"line":37,"column":4},"end":{"line":37,"column":42}},"18":{"start":{"line":38,"column":4},"end":{"line":38,"column":16}},"19":{"start":{"line":40,"column":4},"end":{"line":40,"column":65}},"20":{"start":{"line":41,"column":4},"end":{"line":41,"column":14}},"21":{"start":{"line":46,"column":2},"end":{"line":49,"column":3}},"22":{"start":{"line":47,"column":4},"end":{"line":47,"column":15}},"23":{"start":{"line":48,"column":4},"end":{"line":48,"column":14}},"24":{"start":{"line":53,"column":19},"end":{"line":53,"column":26}},"25":{"start":{"line":54,"column":17},"end":{"line":54,"column":77}},"26":{"start":{"line":55,"column":16},"end":{"line":55,"column":18}},"27":{"start":{"line":57,"column":2},"end":{"line":64,"column":3}},"28":{"start":{"line":58,"column":4},"end":{"line":63,"column":5}},"29":{"start":{"line":59,"column":21},"end":{"line":59,"column":85}},"30":{"start":{"line":60,"column":6},"end":{"line":60,"column":34}},"31":{"start":{"line":62,"column":6},"end":{"line":62,"column":23}},"32":{"start":{"line":66,"column":2},"end":{"line":66,"column":15}}},"fnMap":{"0":{"name":"getDb","decl":{"start":{"line":18,"column":16},"end":{"line":18,"column":21}},"loc":{"start":{"line":18,"column":24},"end":{"line":28,"column":1}},"line":18},"1":{"name":"initializeDatabase","decl":{"start":{"line":30,"column":16},"end":{"line":30,"column":34}},"loc":{"start":{"line":30,"column":37},"end":{"line":43,"column":1}},"line":30},"2":{"name":"closeDatabase","decl":{"start":{"line":45,"column":16},"end":{"line":45,"column":29}},"loc":{"start":{"line":45,"column":32},"end":{"line":50,"column":1}},"line":45},"3":{"name":"getSchemaStats","decl":{"start":{"line":52,"column":16},"end":{"line":52,"column":30}},"loc":{"start":{"line":52,"column":33},"end":{"line":67,"column":1}},"line":52}},"branchMap":{"0":{"loc":{"start":{"line":14,"column":16},"end":{"line":14,"column":80}},"type":"binary-expr","locations":[{"start":{"line":14,"column":16},"end":{"line":14,"column":39}},{"start":{"line":14,"column":43},"end":{"line":14,"column":80}}],"line":14},"1":{"loc":{"start":{"line":19,"column":2},"end":{"line":26,"column":3}},"type":"if","locations":[{"start":{"line":19,"column":2},"end":{"line":26,"column":3}},{"start":{},"end":{}}],"line":19},"2":{"loc":{"start":{"line":46,"column":2},"end":{"line":49,"column":3}},"type":"if","locations":[{"start":{"line":46,"column":2},"end":{"line":49,"column":3}},{"start":{},"end":{}}],"line":46}},"s":{"0":0,"1":0,"2":0,"3":0,"4":0,"5":0,"6":0,"7":0,"8":0,"9":0,"10":0,"11":0,"12":0,"13":0,"14":0,"15":0,"16":0,"17":0,"18":0,"19":0,"20":0,"21":0,"22":0,"23":0,"24":0,"25":0,"26":0,"27":0,"28":0,"29":0,"30":0,"31":0,"32":0},"f":{"0":0,"1":0,"2":0,"3":0},"b":{"0":[0,0],"1":[0,0],"2":[0,0]},"inputSourceMap":null}
,"/data/.openclaw/workspace/creative-ai/src/memory.js": {"path":"/data/.openclaw/workspace/creative-ai/src/memory.js","statementMap":{"0":{"start":{"line":9,"column":19},"end":{"line":9,"column":26}},"1":{"start":{"line":11,"column":15},"end":{"line":14,"column":4}},"2":{"start":{"line":16,"column":17},"end":{"line":16,"column":91}},"3":{"start":{"line":18,"column":2},"end":{"line":29,"column":4}},"4":{"start":{"line":33,"column":19},"end":{"line":33,"column":26}},"5":{"start":{"line":35,"column":12},"end":{"line":35,"column":46}},"6":{"start":{"line":36,"column":17},"end":{"line":36,"column":19}},"7":{"start":{"line":38,"column":2},"end":{"line":41,"column":3}},"8":{"start":{"line":39,"column":4},"end":{"line":39,"column":33}},"9":{"start":{"line":40,"column":4},"end":{"line":40,"column":30}},"10":{"start":{"line":43,"column":2},"end":{"line":46,"column":3}},"11":{"start":{"line":44,"column":4},"end":{"line":44,"column":27}},"12":{"start":{"line":45,"column":4},"end":{"line":45,"column":22}},"13":{"start":{"line":48,"column":2},"end":{"line":51,"column":3}},"14":{"start":{"line":49,"column":4},"end":{"line":49,"column":54}},"15":{"start":{"line":50,"column":4},"end":{"line":50,"column":25}},"16":{"start":{"line":53,"column":2},"end":{"line":53,"column":64}},"17":{"start":{"line":54,"column":2},"end":{"line":54,"column":22}},"18":{"start":{"line":56,"column":15},"end":{"line":56,"column":51}},"19":{"start":{"line":58,"column":2},"end":{"line":61,"column":6}},"20":{"start":{"line":58,"column":26},"end":{"line":61,"column":3}},"21":{"start":{"line":65,"column":19},"end":{"line":65,"column":26}},"22":{"start":{"line":68,"column":2},"end":{"line":68,"column":128}},"23":{"start":{"line":70,"column":14},"end":{"line":70,"column":77}},"24":{"start":{"line":72,"column":2},"end":{"line":72,"column":24}},"25":{"start":{"line":72,"column":12},"end":{"line":72,"column":24}},"26":{"start":{"line":74,"column":2},"end":{"line":77,"column":4}},"27":{"start":{"line":81,"column":19},"end":{"line":81,"column":26}},"28":{"start":{"line":82,"column":24},"end":{"line":82,"column":76}},"29":{"start":{"line":84,"column":17},"end":{"line":84,"column":19}},"30":{"start":{"line":85,"column":17},"end":{"line":85,"column":19}},"31":{"start":{"line":87,"column":2},"end":{"line":92,"column":3}},"32":{"start":{"line":88,"column":4},"end":{"line":91,"column":5}},"33":{"start":{"line":89,"column":6},"end":{"line":89,"column":32}},"34":{"start":{"line":90,"column":6},"end":{"line":90,"column":66}},"35":{"start":{"line":94,"column":2},"end":{"line":94,"column":39}},"36":{"start":{"line":94,"column":27},"end":{"line":94,"column":39}},"37":{"start":{"line":96,"column":2},"end":{"line":96,"column":18}},"38":{"start":{"line":98,"column":15},"end":{"line":98,"column":88}},"39":{"start":{"line":99,"column":17},"end":{"line":99,"column":36}},"40":{"start":{"line":101,"column":2},"end":{"line":101,"column":51}},"41":{"start":{"line":105,"column":19},"end":{"line":105,"column":26}},"42":{"start":{"line":106,"column":17},"end":{"line":106,"column":78}},"43":{"start":{"line":107,"column":2},"end":{"line":107,"column":28}},"44":{"start":{"line":111,"column":19},"end":{"line":111,"column":26}},"45":{"start":{"line":113,"column":16},"end":{"line":113,"column":86}},"46":{"start":{"line":114,"column":17},"end":{"line":114,"column":101}},"47":{"start":{"line":115,"column":22},"end":{"line":115,"column":129}},"48":{"start":{"line":117,"column":2},"end":{"line":121,"column":4}},"49":{"start":{"line":119,"column":47},"end":{"line":119,"column":64}},"50":{"start":{"line":125,"column":19},"end":{"line":125,"column":26}},"51":{"start":{"line":126,"column":15},"end":{"line":126,"column":101}},"52":{"start":{"line":128,"column":2},"end":{"line":131,"column":6}},"53":{"start":{"line":128,"column":26},"end":{"line":131,"column":3}}},"fnMap":{"0":{"name":"storeMemory","decl":{"start":{"line":8,"column":16},"end":{"line":8,"column":27}},"loc":{"start":{"line":8,"column":129},"end":{"line":30,"column":1}},"line":8},"1":{"name":"searchMemories","decl":{"start":{"line":32,"column":16},"end":{"line":32,"column":30}},"loc":{"start":{"line":32,"column":82},"end":{"line":62,"column":1}},"line":32},"2":{"name":"(anonymous_2)","decl":{"start":{"line":58,"column":18},"end":{"line":58,"column":19}},"loc":{"start":{"line":58,"column":26},"end":{"line":61,"column":3}},"line":58},"3":{"name":"getMemory","decl":{"start":{"line":64,"column":16},"end":{"line":64,"column":25}},"loc":{"start":{"line":64,"column":30},"end":{"line":78,"column":1}},"line":64},"4":{"name":"updateMemory","decl":{"start":{"line":80,"column":16},"end":{"line":80,"column":28}},"loc":{"start":{"line":80,"column":42},"end":{"line":102,"column":1}},"line":80},"5":{"name":"deleteMemory","decl":{"start":{"line":104,"column":16},"end":{"line":104,"column":28}},"loc":{"start":{"line":104,"column":33},"end":{"line":108,"column":1}},"line":104},"6":{"name":"getMemoryStats","decl":{"start":{"line":110,"column":16},"end":{"line":110,"column":30}},"loc":{"start":{"line":110,"column":33},"end":{"line":122,"column":1}},"line":110},"7":{"name":"(anonymous_7)","decl":{"start":{"line":119,"column":42},"end":{"line":119,"column":43}},"loc":{"start":{"line":119,"column":47},"end":{"line":119,"column":64}},"line":119},"8":{"name":"getRecentMemories","decl":{"start":{"line":124,"column":16},"end":{"line":124,"column":33}},"loc":{"start":{"line":124,"column":46},"end":{"line":132,"column":1}},"line":124},"9":{"name":"(anonymous_9)","decl":{"start":{"line":128,"column":18},"end":{"line":128,"column":19}},"loc":{"start":{"line":128,"column":26},"end":{"line":131,"column":3}},"line":128}},"branchMap":{"0":{"loc":{"start":{"line":8,"column":39},"end":{"line":8,"column":52}},"type":"default-arg","locations":[{"start":{"line":8,"column":46},"end":{"line":8,"column":52}}],"line":8},"1":{"loc":{"start":{"line":8,"column":54},"end":{"line":8,"column":63}},"type":"default-arg","locations":[{"start":{"line":8,"column":61},"end":{"line":8,"column":63}}],"line":8},"2":{"loc":{"start":{"line":8,"column":65},"end":{"line":8,"column":83}},"type":"default-arg","locations":[{"start":{"line":8,"column":75},"end":{"line":8,"column":83}}],"line":8},"3":{"loc":{"start":{"line":8,"column":85},"end":{"line":8,"column":101}},"type":"default-arg","locations":[{"start":{"line":8,"column":98},"end":{"line":8,"column":101}}],"line":8},"4":{"loc":{"start":{"line":8,"column":103},"end":{"line":8,"column":125}},"type":"default-arg","locations":[{"start":{"line":8,"column":112},"end":{"line":8,"column":125}}],"line":8},"5":{"loc":{"start":{"line":32,"column":38},"end":{"line":32,"column":80}},"type":"default-arg","locations":[{"start":{"line":32,"column":78},"end":{"line":32,"column":80}}],"line":32},"6":{"loc":{"start":{"line":32,"column":62},"end":{"line":32,"column":73}},"type":"default-arg","locations":[{"start":{"line":32,"column":71},"end":{"line":32,"column":73}}],"line":32},"7":{"loc":{"start":{"line":38,"column":2},"end":{"line":41,"column":3}},"type":"if","locations":[{"start":{"line":38,"column":2},"end":{"line":41,"column":3}},{"start":{},"end":{}}],"line":38},"8":{"loc":{"start":{"line":43,"column":2},"end":{"line":46,"column":3}},"type":"if","locations":[{"start":{"line":43,"column":2},"end":{"line":46,"column":3}},{"start":{},"end":{}}],"line":43},"9":{"loc":{"start":{"line":48,"column":2},"end":{"line":51,"column":3}},"type":"if","locations":[{"start":{"line":48,"column":2},"end":{"line":51,"column":3}},{"start":{},"end":{}}],"line":48},"10":{"loc":{"start":{"line":60,"column":21},"end":{"line":60,"column":37}},"type":"binary-expr","locations":[{"start":{"line":60,"column":21},"end":{"line":60,"column":29}},{"start":{"line":60,"column":33},"end":{"line":60,"column":37}}],"line":60},"11":{"loc":{"start":{"line":72,"column":2},"end":{"line":72,"column":24}},"type":"if","locations":[{"start":{"line":72,"column":2},"end":{"line":72,"column":24}},{"start":{},"end":{}}],"line":72},"12":{"loc":{"start":{"line":76,"column":21},"end":{"line":76,"column":37}},"type":"binary-expr","locations":[{"start":{"line":76,"column":21},"end":{"line":76,"column":29}},{"start":{"line":76,"column":33},"end":{"line":76,"column":37}}],"line":76},"13":{"loc":{"start":{"line":88,"column":4},"end":{"line":91,"column":5}},"type":"if","locations":[{"start":{"line":88,"column":4},"end":{"line":91,"column":5}},{"start":{},"end":{}}],"line":88},"14":{"loc":{"start":{"line":90,"column":18},"end":{"line":90,"column":64}},"type":"cond-expr","locations":[{"start":{"line":90,"column":35},"end":{"line":90,"column":56}},{"start":{"line":90,"column":59},"end":{"line":90,"column":64}}],"line":90},"15":{"loc":{"start":{"line":94,"column":2},"end":{"line":94,"column":39}},"type":"if","locations":[{"start":{"line":94,"column":2},"end":{"line":94,"column":39}},{"start":{},"end":{}}],"line":94},"16":{"loc":{"start":{"line":101,"column":9},"end":{"line":101,"column":50}},"type":"cond-expr","locations":[{"start":{"line":101,"column":30},"end":{"line":101,"column":43}},{"start":{"line":101,"column":46},"end":{"line":101,"column":50}}],"line":101},"17":{"loc":{"start":{"line":124,"column":34},"end":{"line":124,"column":44}},"type":"default-arg","locations":[{"start":{"line":124,"column":42},"end":{"line":124,"column":44}}],"line":124},"18":{"loc":{"start":{"line":130,"column":21},"end":{"line":130,"column":37}},"type":"binary-expr","locations":[{"start":{"line":130,"column":21},"end":{"line":130,"column":29}},{"start":{"line":130,"column":33},"end":{"line":130,"column":37}}],"line":130}},"s":{"0":2,"1":2,"2":2,"3":2,"4":5,"5":5,"6":5,"7":5,"8":1,"9":1,"10":5,"11":1,"12":1,"13":5,"14":1,"15":1,"16":5,"17":5,"18":5,"19":5,"20":5,"21":4,"22":4,"23":4,"24":4,"25":1,"26":3,"27":3,"28":3,"29":3,"30":3,"31":3,"32":5,"33":4,"34":4,"35":3,"36":1,"37":2,"38":2,"39":2,"40":2,"41":2,"42":2,"43":2,"44":1,"45":1,"46":1,"47":1,"48":1,"49":2,"50":2,"51":2,"52":2,"53":3},"f":{"0":2,"1":5,"2":5,"3":4,"4":3
[...]
8},"31":{"loc":{"start":{"line":288,"column":4},"end":{"line":288,"column":77}},"type":"if","locations":[{"start":{"line":288,"column":4},"end":{"line":288,"column":77}},{"start":{},"end":{}}],"line":288},"32":{"loc":{"start":{"line":299,"column":2},"end":{"line":299,"column":65}},"type":"if","locations":[{"start":{"line":299,"column":2},"end":{"line":299,"column":65}},{"start":{},"end":{}}],"line":299},"33":{"loc":{"start":{"line":301,"column":2},"end":{"line":305,"column":3}},"type":"if","locations":[{"start":{"line":301,"column":2},"end":{"line":305,"column":3}},{"start":{},"end":{}}],"line":301},"34":{"loc":{"start":{"line":312,"column":23},"end":{"line":312,"column":44}},"type":"binary-expr","locations":[{"start":{"line":312,"column":23},"end":{"line":312,"column":38}},{"start":{"line":312,"column":42},"end":{"line":312,"column":44}}],"line":312},"35":{"loc":{"start":{"line":313,"column":23},"end":{"line":313,"column":44}},"type":"binary-expr","locations":[{"start":{"line":313,"column":23},"end":{"line":313,"column":38}},{"start":{"line":313,"column":42},"end":{"line":313,"column":44}}],"line":313},"36":{"loc":{"start":{"line":314,"column":16},"end":{"line":314,"column":45}},"type":"binary-expr","locations":[{"start":{"line":314,"column":16},"end":{"line":314,"column":33}},{"start":{"line":314,"column":37},"end":{"line":314,"column":45}}],"line":314},"37":{"loc":{"start":{"line":315,"column":26},"end":{"line":315,"column":56}},"type":"binary-expr","locations":[{"start":{"line":315,"column":26},"end":{"line":315,"column":44}},{"start":{"line":315,"column":48},"end":{"line":315,"column":56}}],"line":315},"38":{"loc":{"start":{"line":316,"column":27},"end":{"line":316,"column":62}},"type":"binary-expr","locations":[{"start":{"line":316,"column":27},"end":{"line":316,"column":46}},{"start":{"line":316,"column":50},"end":{"line":316,"column":62}}],"line":316},"39":{"loc":{"start":{"line":332,"column":27},"end":{"line":332,"column":58}},"type":"binary-expr","locations":[{"start":{"line":332,"column":27},"end":{"line":332,"column":52}},{"start":{"line":332,"column":56},"end":{"line":332,"column":58}}],"line":332},"40":{"loc":{"start":{"line":343,"column":4},"end":{"line":343,"column":80}},"type":"if","locations":[{"start":{"line":343,"column":4},"end":{"line":343,"column":80}},{"start":{},"end":{}}],"line":343},"41":{"loc":{"start":{"line":351,"column":2},"end":{"line":351,"column":101}},"type":"if","locations":[{"start":{"line":351,"column":2},"end":{"line":351,"column":101}},{"start":{},"end":{}}],"line":351},"42":{"loc":{"start":{"line":354,"column":92},"end":{"line":354,"column":126}},"type":"binary-expr","locations":[{"start":{"line":354,"column":92},"end":{"line":354,"column":110}},{"start":{"line":354,"column":114},"end":{"line":354,"column":126}}],"line":354},"43":{"loc":{"start":{"line":356,"column":8},"end":{"line":356,"column":105}},"type":"if","locations":[{"start":{"line":356,"column":8},"end":{"line":356,"column":105}},{"start":{},"end":{}}],"line":356},"44":{"loc":{"start":{"line":368,"column":4},"end":{"line":368,"column":78}},"type":"if","locations":[{"start":{"line":368,"column":4},"end":{"line":368,"column":78}},{"start":{},"end":{}}],"line":368},"45":{"loc":{"start":{"line":379,"column":4},"end":{"line":379,"column":80}},"type":"if","locations":[{"start":{"line":379,"column":4},"end":{"line":379,"column":80}},{"start":{},"end":{}}],"line":379},"46":{"loc":{"start":{"line":398,"column":2},"end":{"line":398,"column":91}},"type":"if","locations":[{"start":{"line":398,"column":2},"end":{"line":398,"column":91}},{"start":{},"end":{}}],"line":398},"47":{"loc":{"start":{"line":401,"column":72},"end":{"line":401,"column":92}},"type":"binary-expr","locations":[{"start":{"line":401,"column":72},"end":{"line":401,"column":86}},{"start":{"line":401,"column":90},"end":{"line":401,"column":92}}],"line":401},"48":{"loc":{"start":{"line":410,"column":24},"end":{"line":410,"column":60}},"type":"binary-expr","locations":[{"start":{"line":410,"column":24},"end":{"line":410,"column":54}},{"start":{"line":410,"column":58},"end":{"line":410,"column":60}}],"line":410},"49":{"loc":{"start":{"line":413,"column":2},"end":{"line":413,"column":37}},"type":"if","locations":[{"start":{"line":413,"column":2},"end":{"line":413,"column":37}},{"start":{},"end":{}}],"line":413},"50":{"loc":{"start":{"line":415,"column":2},"end":{"line":415,"column":25}},"type":"if","locations":[{"start":{"line":415,"column":2},"end":{"line":415,"column":25}},{"start":{},"end":{}}],"line":415},"51":{"loc":{"start":{"line":435,"column":2},"end":{"line":437,"column":3}},"type":"if","locations":[{"start":{"line":435,"column":2},"end":{"line":437,"column":3}},{"start":{},"end":{}}],"line":435},"52":{"loc":{"start":{"line":445,"column":4},"end":{"line":445,"column":150}},"type":"binary-expr","locations":[{"start":{"line":445,"column":4},"end":{"line":445,"column":33}},{"start":{"line":445,"column":38},"end":{"line":445,"column":65}},{"start":{"line":445,"column":69},"end":{"line":445,"column":107}},{"start":{"line":445,"column":111},"end":{"line":445,"column":149}}],"line":445},"53":{"loc":{"start":{"line":452,"column":2},"end":{"line":454,"column":3}},"type":"if","locations":[{"start":{"line":452,"column":2},"end":{"line":454,"column":3}},{"start":{},"end":{}}],"line":452},"54":{"loc":{"start":{"line":461,"column":4},"end":{"line":461,"column":72}},"type":"if","locations":[{"start":{"line":461,"column":4},"end":{"line":461,"column":72}},{"start":{},"end":{}}],"line":461},"55":{"loc":{"start":{"line":463,"column":24},"end":{"line":463,"column":69}},"type":"binary-expr","locations":[{"start":{"line":463,"column":24},"end":{"line":463,"column":53}},{"start":{"line":463,"column":57},"end":{"line":463,"column":69}}],"line":463},"56":{"loc":{"start":{"line":464,"column":4},"end":{"line":466,"column":5}},"type":"if","locations":[{"start":{"line":464,"column":4},"end":{"line":466,"column":5}},{"start":{},"end":{}}],"line":464},"57":{"loc":{"start":{"line":503,"column":4},"end":{"line":505,"column":5}},"type":"if","locations":[{"start":{"line":503,"column":4},"end":{"line":505,"column":5}},{"start":{},"end":{}}],"line":503}},"s":{"0":0,"1":0,"2":0,"3":0,"4":0,"5":0,"6":0,"7":0,"8":0,"9":0,"10":0,"11":0,"12":0,"13":0,"14":0,"15":0,"16":0,"17":0,"18":0,"19":0,"20":0,"21":0,"22":0,"23":0,"24":0,"25":0,"26":0,"27":0,"28":0,"29":0,"30":0,"31":0,"32":0,"33":0,"34":0,"35":0,"36":0,"37":0,"38":0,"39":0,"40":0,"41":0,"42":0,"43":0,"44":0,"45":0,"46":0,"47":0,"48":0,"49":0,"50":0,"51":0,"52":0,"53":0,"54":0,"55":0,"56":0,"57":0,"58":0,"59":0,"60":0,"61":0,"62":0,"63":0,"64":0,"65":0,"66":0,"67":0,"68":0,"69":0,"70":0,"71":0,"72":0,"73":0,"74":0,"75":0,"76":0,"77":0,"78":0,"79":0,"80":0,"81":0,"82":0,"83":0,"84":0,"85":0,"86":0,"87":0,"88":0,"89":0,"90":0,"91":0,"92":0,"93":0,"94":0,"95":0,"96":0,"97":0,"98":0,"99":0,"100":0,"101":0,"102":0,"103":0,"104":0,"105":0,"106":0,"107":0,"108":0,"109":0,"110":0,"111":0,"112":0,"113":0,"114":0,"115":0,"116":0,"117":0,"118":0,"119":0,"120":0,"121":0,"122":0,"123":0,"124":0,"125":0,"126":0,"127":0,"128":0,"129":0,"130":0,"131":0,"132":0,"133":0,"134":0,"135":0,"136":0,"137":0,"138":0,"139":0,"140":0,"141":0,"142":0,"143":0,"144":0,"145":0,"146":0,"147":0,"148":0,"149":0,"150":0,"151":0,"152":0,"153":0,"154":0,"155":0,"156":0,"157":0,"158":0,"159":0,"160":0,"161":0,"162":0,"163":0,"164":0,"165":0,"166":0,"167":0,"168":0,"169":0,"170":0,"171":0,"172":0,"173":0,"174":0,"175":0,"176":0,"177":0,"178":0,"179":0,"180":0,"181":0,"182":0,"183":0,"184":0,"185":0,"186":0,"187":0,"188":0,"189":0,"190":0,"191":0,"192":0,"193":0,"194":0,"195":0,"196":0,"197":0,"198":0,"199":0,"200":0,"201":0,"202":0,"203":0,"204":0,"205":0,"206":0,"207":0,"208":0,"209":0,"210":0,"211":0,"212":0,"213":0,"214":0,"215":0,"216":0,"217":0,"218":0,"219":0,"220":0,"221":0,"222":0,"223":0,"224":0,"225":0,"226":0,"227":0,"228":0,"229":0,"230":0,"231":0,"232":0,"233":0,"234":0,"235":0,"236":0,"237":0,"238":0,"239":0,"240":0,"241":0,"242":0,"243":0,"244":0,"245":0,"246":0,"247":0},"f":{"0":0,"1":0,"2":0,"3":0,"4":0,"5":0,"6":0,"7":0,"8":0,"9":0,"10":0,"11":0,"12":0,"13":0,"14":0,"15":0,"16":0,"17":0,"18":0,"19":0,"20":0,"21":0,"22":0,"23":0,"24":0,"25":0,"26":0,"27":0,"28":0,"29":0,"30":0,"31":0,"32":0,"33":0,"34":0,"35":0,"36":0,"37":0,"38":0,"39":0,"40":0},"b":{"0":[0,0],"1":[0,0],"2":[0,0],"3":[0,0],"4":[0,0],"5":[0,0],"6":[0,0],"7":[0,0],"8":[0,0],"9":[0,0],"10":[0,0],"11":[0,0],"12":[0,0],"13":[0,0],"14":[0,0],"15":[0,0],"16":[0,0],"17":[0,0],"18":[0,0],"19":[0,0],"20":[0,0],"21":[0,0],"22":[0,0],"23":[0,0],"24":[0,0],"25":[0,0],"26":[0,0],"27":[0,0],"28":[0,0],"29":[0,0],"30":[0,0],"31":[0,0],"32":[0,0],"33":[0,0],"34":[0,0],"35":[0,0],"36":[0,0],"37":[0,0],"38":[0,0],"39":[0,0],"40":[0,0],"41":[0,0],"42":[0,0],"43":[0,0],"44":[0,0],"45":[0,0],"46":[0,0],"47":[0,0],"48":[0,0],"49":[0,0],"50":[0,0],"51":[0,0],"52":[0,0,0,0],"53":[0,0],"54":[0,0],"55":[0,0],"56":[0,0],"57":[0,0]},"inputSourceMap":null}
,"/data/.openclaw/workspace/creative-ai/src/tasks.js": {"path":"/data/.openclaw/workspace/creative-ai/src/tasks.js","statementMap":{"0":{"start":{"line":11,"column":2},"end":{"line":11,"column":46}},"1":{"start":{"line":15,"column":19},"end":{"line":15,"column":26}},"2":{"start":{"line":17,"column":15},"end":{"line":20,"column":4}},"3":{"start":{"line":22,"column":17},"end":{"line":22,"column":106}},"4":{"start":{"line":24,"column":2},"end":{"line":35,"column":4}},"5":{"start":{"line":39,"column":19},"end":{"line":39,"column":26}},"6":{"start":{"line":41,"column":14},"end":{"line":44,"column":3}},"7":{"start":{"line":45,"column":17},"end":{"line":45,"column":19}},"8":{"start":{"line":47,"column":2},"end":{"line":50,"column":3}},"9":{"start":{"line":48,"column":4},"end":{"line":48,"column":31}},"10":{"start":{"line":49,"column":4},"end":{"line":49,"column":24}},"11":{"start":{"line":52,"column":2},"end":{"line":55,"column":3}},"12":{"start":{"line":53,"column":4},"end":{"line":53,"column":32}},"13":{"start":{"line":54,"column":4},"end":{"line":54,"column":25}},"14":{"start":{"line":57,"column":2},"end":{"line":60,"column":3}},"15":{"start":{"line":58,"column":4},"end":{"line":58,"column":36}},"16":{"start":{"line":59,"column":4},"end":{"line":59,"column":28}},"17":{"start":{"line":62,"column":2},"end":{"line":62,"column":41}},"18":{"start":{"line":63,"column":2},"end":{"line":63,"column":21}},"19":{"start":{"line":65,"column":15},"end":{"line":65,"column":53}},"20":{"start":{"line":67,"column":2},"end":{"line":71,"column":6}},"21":{"start":{"line":67,"column":26},"end":{"line":71,"column":3}},"22":{"start":{"line":75,"column":19},"end":{"line":75,"column":26}},"23":{"start":{"line":76,"column":14},"end":{"line":76,"column":74}},"24":{"start":{"line":78,"column":2},"end":{"line":78,"column":24}},"25":{"start":{"line":78,"column":12},"end":{"line":78,"column":24}},"26":{"start":{"line":80,"column":2},"end":{"line":84,"column":4}},"27":{"start":{"line":88,"column":19},"end":{"line":88,"column":26}},"28":{"start":{"line":89,"column":24},"end":{"line":89,"column":115}},"29":{"start":{"line":91,"column":17},"end":{"line":91,"column":19}},"30":{"start":{"line":92,"column":17},"end":{"line":92,"column":19}},"31":{"start":{"line":94,"column":2},"end":{"line":100,"column":3}},"32":{"start":{"line":95,"column":18},"end":{"line":95,"column":86}},"33":{"start":{"line":96,"column":4},"end":{"line":99,"column":5}},"34":{"start":{"line":97,"column":6},"end":{"line":97,"column":34}},"35":{"start":{"line":98,"column":6},"end":{"line":98,"column":68}},"36":{"start":{"line":102,"column":2},"end":{"line":102,"column":39}},"37":{"start":{"line":102,"column":27},"end":{"line":102,"column":39}},"38":{"start":{"line":104,"column":2},"end":{"line":104,"column":48}},"39":{"start":{"line":106,"column":2},"end":{"line":108,"column":3}},"40":{"start":{"line":107,"column":4},"end":{"line":107,"column":52}},"41":{"start":{"line":110,"column":2},"end":{"line":110,"column":18}},"42":{"start":{"line":112,"column":15},"end":{"line":112,"column":85}},"43":{"start":{"line":113,"column":17},"end":{"line":113,"column":36}},"44":{"start":{"line":115,"column":2},"end":{"line":115,"column":49}},"45":{"start":{"line":119,"column":19},"end":{"line":119,"column":26}},"46":{"start":{"line":120,"column":17},"end":{"line":120,"column":75}},"47":{"start":{"line":121,"column":2},"end":{"line":121,"column":28}},"48":{"start":{"line":125,"column":19},"end":{"line":125,"column":26}},"49":{"start":{"line":127,"column":16},"end":{"line":127,"column":83}},"50":{"start":{"line":128,"column":19},"end":{"line":128,"column":104}},"51":{"start":{"line":129,"column":20},"end":{"line":129,"column":107}},"52":{"start":{"line":130,"column":29},"end":{"line":130,"column":138}},"53":{"start":{"line":132,"column":2},"end":{"line":137,"column":4}},"54":{"start":{"line":134,"column":51},"end":{"line":134,"column":70}},"55":{"start":{"line":135,"column":53},"end":{"line":135,"column":73}}},"fnMap":{"0":{"name":"calculatePriorityScore","decl":{"start":{"line":9,"column":9},"end":{"line":9,"column":31}},"loc":{"start":{"line":9,"column":51},"end":{"line":12,"column":1}},"line":9},"1":{"name":"createTask","decl":{"start":{"line":14,"column":16},"end":{"line":14,"column":26}},"loc":{"start":{"line":14,"column":137},"end":{"line":36,"column":1}},"line":14},"2":{"name":"getTasks","decl":{"start":{"line":38,"column":16},"end":{"line":38,"column":24}},"loc":{"start":{"line":38,"column":75},"end":{"line":72,"column":1}},"line":38},"3":{"name":"(anonymous_3)","decl":{"start":{"line":67,"column":18},"end":{"line":67,"column":19}},"loc":{"start":{"line":67,"column":26},"end":{"line":71,"column":3}},"line":67},"4":{"name":"getTask","decl":{"start":{"line":74,"column":16},"end":{"line":74,"column":23}},"loc":{"start":{"line":74,"column":28},"end":{"line":85,"column":1}},"line":74},"5":{"name":"updateTask","decl":{"start":{"line":87,"column":16},"end":{"line":87,"column":26}},"loc":{"start":{"line":87,"column":40},"end":{"line":116,"column":1}},"line":87},"6":{"name":"deleteTask","decl":{"start":{"line":118,"column":16},"end":{"line":118,"column":26}},"loc":{"start":{"line":118,"column":31},"end":{"line":122,"column":1}},"line":118},"7":{"name":"getTaskStats","decl":{"start":{"line":124,"column":16},"end":{"line":124,"column":28}},"loc":{"start":{"line":124,"column":31},"end":{"line":138,"column":1}},"line":124},"8":{"name":"(anonymous_8)","decl":{"start":{"line":134,"column":46},"end":{"line":134,"column":47}},"loc":{"start":{"line":134,"column":51},"end":{"line":134,"column":70}},"line":134},"9":{"name":"(anonymous_9)","decl":{"start":{"line":135,"column":48},"end":{"line":135,"column":49}},"loc":{"start":{"line":135,"column":53},"end":{"line":135,"column":73}},"line":135}},"branchMap":{"0":{"loc":{"start":{"line":14,"column":36},"end":{"line":14,"column":52}},"type":"default-arg","locations":[{"start":{"line":14,"column":50},"end":{"line":14,"column":52}}],"line":14},"1":{"loc":{"start":{"line":14,"column":54},"end":{"line":14,"column":66}},"type":"default-arg","locations":[{"start":{"line":14,"column":65},"end":{"line":14,"column":66}}],"line":14},"2":{"loc":{"start":{"line":14,"column":68},"end":{"line":14,"column":79}},"type":"default-arg","locations":[{"start":{"line":14,"column":78},"end":{"line":14,"column":79}}],"line":14},"3":{"loc":{"start":{"line":14,"column":81},"end":{"line":14,"column":100}},"type":"default-arg","locations":[{"start":{"line":14,"column":91},"end":{"line":14,"column":100}}],"line":14},"4":{"loc":{"start":{"line":14,"column":102},"end":{"line":14,"column":111}},"type":"default-arg","locations":[{"start":{"line":14,"column":109},"end":{"line":14,"column":111}}],"line":14},"5":{"loc":{"start":{"line":14,"column":113},"end":{"line":14,"column":133}},"type":"default-arg","locations":[{"start":{"line":14,"column":125},"end":{"line":14,"column":133}}],"line":14},"6":{"loc":{"start":{"line":38,"column":25},"end":{"line":38,"column":73}},"type":"default-arg","locations":[{"start":{"line":38,"column":71},"end":{"line":38,"column":73}}],"line":38},"7":{"loc":{"start":{"line":38,"column":56},"end":{"line":38,"column":66}},"type":"default-arg","locations":[{"start":{"line":38,"column":64},"end":{"line":38,"column":66}}],"line":38},"8":{"loc":{"start":{"line":47,"column":2},"end":{"line":50,"column":3}},"type":"if","locations":[{"start":{"line":47,"column":2},"end":{"line":50,"column":3}},{"start":{},"end":{}}],"line":47},"9":{"loc":{"start":{"line":52,"column":2},"end":{"line":55,"column":3}},"type":"if","locations":[{"start":{"line":52,"column":2},"end":{"line":55,"column":3}},{"start":{},"end":{}}],"line":52},"10":{"loc":{"start":{"line":57,"column":2},"end":{"line":60,"column":3}},"type":"if","locations":[{"start":{"line":57,"column":2},"end":{"line":60,"column":3}},{"start":{},"end":{}}],"line":57},"11":{"loc":{"start":{"line":69,"column":21},"end":{"line":69,"column":37}},"type":"binary-expr","locations":[{"start":{"line":69,"column":21},"end":{"line":69,"column":29}},{"start":{"line":69,"column":33},"end":{"line":69,"column":37}}],"line":69},"12":{"loc":{"start":{"line":78,"column":2},"end":{"line":78,"column":24}},"type":"if","locations":[{"start":{"line":78,"column":2},"end":{"line":78,"column":24}},{"start":{},"end":{}}],"line":78},"13":{"loc":{"start":{"line":82,"column":21},"end":{"line":82,"column":37}},"type":"binary-expr","locations":[{"start":{"line":82,"column":21},"end":{"line":82,"column":29}},{"start":{"line":82,"column":33},"end":{"line":82,"column":37}}],"line":82},"14":{"loc":{"start":{"line":95,"column":18},"end":{"line":95,"column":86}},"type":"cond-expr","locations":[{"start":{"line":95,"column":41},"end":{"line":95,"column":54}},{"start":{"line":95,"column":57},"end":{"line":95,"column":86}}],"line":95},"15":{"loc":{"start":{"line":95,"column":57},"end":{"line":95,"column":86}},"type":"cond-expr","locations":[{"start":{"line":95,"column":74},"end":{"line":95,"column":80}},{"start":{"line":95,"column":83},"end":{"line":95,"column":86}}],"line":95},"16":{"loc":{"start":{"line":96,"column":4},"end":{"line":99,"column":5}},"type":"if","locations":[{"start":{"line":96,"column":4},"end":{"line":99,"column":5}},{"start":{},"end":{}}],"line":96},"17":{"loc":{"start":{"line":98,"column":18},"end":{"line":98,"column":66}},"type":"cond-expr","locations":[{"start":{"line":98,"column":37},"end":{"line":98,"column":58}},{"start":{"line":98,"column":61},"end":{"line":98,"column":66}}],"line":98},"18":{"loc":{"start":{"line":102,"column":2},"end":{"line":102,"column":39}},"type":"if","locations":[{"start":{"line":102,"column":2},"end":{"line":102,"column":39}},{"start":{},"end":{}}],"line":102},"19":{"loc":{"start":{"line":106,"column":2},"end":{"line":108,"column":3}},"type":"if","locations":[{"start":{"line":106,"column":2},"end":{"line":108,"column":3}},{"start":{},"end":{}}],"line":106},"20":{"loc":{"start":{"line":115,"column":9},"end":{"line":115,"column":48}},"type":"cond-expr","locations":[{"start":{"line":115,"column":30},"end":{"line":115,"column":41}},{"start":{"line":115,"column":44},"end":{"line":115,"column":48}}],"line":115}},"s":{"0":14,"1":4,"2":4,"3":4,"4":4,"5":6,"6":6,"7":6,"8":6,"9":1,"10":1,"11":6,"12":0,"13":0,"14":6,"15":0,"16":0,"17":6,"18":6,"19":6,"20":6,"21":7,"22":4,"23":4,"24":4,"25":1,"26":3,"27":3,"28":3,"29":3,"30":3,"31":3,"32":4,"33":4,"34":4,"35":4,"36":3,"37":0,"38":3,"39":3,"40":3,"41":3,"42":3,"43":3,"44":3,"45":2,"46":2,"47":2,"48":1,"49":1,"50":1,"51":1,"52":1,"53":1,"54":2,"55":2},"f":{"0":14,"1":4,"2":6,"3":7,"4":4,"5":3,"6":2,"7":1,"8":2,"9":2},"b":{"0":[3],"1":[1],"2":[3],"3":[3],"4":[3],"5":[3],"6":[4],"7":[5],"8":[1,5],"9":[0,6],"10":[0,6],"11":[7,0],"12":[1,3],"13":[3,0],"14":[0,4],"15":[0,4],"16":[4,0],"17":[0,4],"18":[0,3],"19":[3,0],"20":[2,1]},"inputSourceMap":null,"_coverageSchema":"1a1c01bbd47fc00a2c39e90264f33305004495a9","hash":"12c618a9a8c152e0e94b9ea68700f334eae89c0a"}
}
