TN:
SF:src/bridge.js
FN:15,createExchange
FN:40,getExchanges
FN:67,getExchange
FN:71,respondToExchange
FN:104,closeExchange
FN:113,escalateExchange
FN:122,getExchangeStats
FN:133,(anonymous_7)
FN:134,(anonymous_8)
FN:138,getOpenExchanges
FNF:10
FNH:10
FNDA:3,createExchange
FNDA:7,getExchanges
FNDA:5,getExchange
FNDA:3,respondToExchange
FNDA:2,closeExchange
FNDA:2,escalateExchange
FNDA:1,getExchangeStats
FNDA:3,(anonymous_7)
FNDA:2,(anonymous_8)
FNDA:1,getOpenExchanges
DA:16,3
DA:18,3
DA:23,3
DA:25,3
DA:41,7
DA:43,7
DA:44,7
DA:46,7
DA:47,2
DA:48,2
DA:51,7
DA:52,1
DA:53,1
DA:56,7
DA:57,1
DA:58,1
DA:61,7
DA:62,7
DA:64,7
DA:68,5
DA:72,3
DA:74,3
DA:80,3
DA:82,3
DA:83,2
DA:87,1
DA:88,1
DA:89,1
DA:90,1
DA:97,0
DA:101,1
DA:105,2
DA:106,2
DA:110,2
DA:114,2
DA:115,2
DA:119,2
DA:123,1
DA:125,1
DA:126,1
DA:127,1
DA:128,1
DA:130,1
DA:133,3
DA:134,2
DA:139,1
DA:143,1
DA:152,1
LF:48
LH:47
BRDA:15,0,0,2
BRDA:15,1,0,2
BRDA:15,2,0,2
BRDA:15,3,0,2
BRDA:15,4,0,2
BRDA:40,5,0,2
BRDA:40,6,0,6
BRDA:46,7,0,2
BRDA:46,7,1,5
BRDA:51,8,0,1
BRDA:51,8,1,6
BRDA:56,9,0,1
BRDA:56,9,1,6
BRDA:71,10,0,3
BRDA:82,11,0,2
BRDA:82,11,1,1
BRDA:88,12,0,1
BRDA:88,12,1,0
BRDA:119,13,0,1
BRDA:119,13,1,1
BRF:20
BRH:19
end_of_record
TN:
SF:src/cli.js
FN:36,(anonymous_0)
FN:37,(anonymous_1)
FN:49,(anonymous_2)
FN:63,(anonymous_3)
FN:74,(anonymous_4)
FN:79,apiRequest
FN:80,(anonymous_6)
FN:87,(anonymous_7)
FN:89,(anonymous_8)
FN:90,(anonymous_9)
FN:108,listTasks
FN:117,(anonymous_11)
FN:128,addTask
FN:129,(anonymous_13)
FN:129,(anonymous_14)
FN:156,getTask
FN:158,(anonymous_16)
FN:158,(anonymous_17)
FN:179,updateTask
FN:180,(anonymous_19)
FN:180,(anonymous_20)
FN:196,deleteTask
FN:197,(anonymous_22)
FN:197,(anonymous_23)
FN:208,taskStats
FN:222,showStats
FN:236,searchMemory
FN:238,(anonymous_27)
FN:238,(anonymous_28)
FN:250,(anonymous_29)
FN:260,addMemory
FN:261,(anonymous_31)
FN:261,(anonymous_32)
FN:276,(anonymous_33)
FN:285,recentMemories
FN:294,(anonymous_35)
FN:303,memoryStats
FN:310,(anonymous_37)
FN:317,listExchanges
FN:326,(anonymous_39)
FN:337,createExchange
FN:338,(anonymous_41)
FN:338,(anonymous_42)
FN:372,getExchange
FN:374,(anonymous_44)
FN:374,(anonymous_45)
FN:395,respondToExchange
FN:396,(anonymous_47)
FN:396,(anonymous_48)
FN:412,closeExchange
FN:413,(anonymous_50)
FN:413,(anonymous_51)
FN:424,bridgeStats
FN:438,getContext
FN:440,(anonymous_54)
FN:440,(anonymous_55)
FN:452,setContext
FN:453,(anonymous_57)
FN:453,(anonymous_58)
FN:469,getAllContext
FN:478,(anonymous_60)
FN:487,switchMode
FN:488,(anonymous_62)
FN:488,(anonymous_63)
FN:502,showHelp
FN:506,(anonymous_65)
FN:512,(anonymous_66)
FN:531,(anonymous_67)
FNF:68
FNH:0
FNDA:0,(anonymous_0)
FNDA:0,(anonymous_1)
FNDA:0,(anonymous_2)
FNDA:0,(anonymous_3)
FNDA:0,(anonymous_4)
FNDA:0,apiRequest
FNDA:0,(anonymous_6)
FNDA:0,(anonymous_7)
FNDA:0,(anonymous_8)
FNDA:0,(anonymous_9)
FNDA:0,listTasks
FNDA:0,(anonymous_11)
FNDA:0,addTask
FNDA:0,(anonymous_13)
FNDA:0,(anonymous_14)
FNDA:0,getTask
FNDA:0,(anonymous_16)
FNDA:0,(anonymous_17)
FNDA:0,updateTask
FNDA:0,(anonymous_19)
FNDA:0,(anonymous_20)
FNDA:0,deleteTask
FNDA:0,(anonymous_22)
FNDA:0,(anonymous_23)
FNDA:0,taskStats
FNDA:0,showStats
FNDA:0,searchMemory
FNDA:0,(anonymous_27)
FNDA:0,(anonymous_28)
FNDA:0,(anonymous_29)
FNDA:0,addMemory
FNDA:0,(anonymous_31)
FNDA:0,(anonymous_32)
FNDA:0,(anonymous_33)
FNDA:0,recentMemories
FNDA:0,(anonymous_35)
FNDA:0,memoryStats
FNDA:0,(anonymous_37)
FNDA:0,listExchanges
FNDA:0,(anonymous_39)
FNDA:0,createExchange
FNDA:0,(anonymous_41)
FNDA:0,(anonymous_42)
FNDA:0,getExchange
FNDA:0,(anonymous_44)
FNDA:0,(anonymous_45)
FNDA:0,respondToExchange
FNDA:0,(anonymous_47)
FNDA:0,(anonymous_48)
FNDA:0,closeExchange
FNDA:0,(anonymous_50)
FNDA:0,(anonymous_51)
FNDA:0,bridgeStats
FNDA:0,getContext
FNDA:0,(anonymous_54)
FNDA:0,(anonymous_55)
FNDA:0,setContext
FNDA:0,(anonymous_57)
FNDA:0,(anonymous_58)
FNDA:0,getAllContext
FNDA:0,(anonymous_60)
FNDA:0,switchMode
FNDA:0,(anonymous_62)
FNDA:0,(anonymous_63)
FNDA:0,showHelp
FNDA:0,(anonymous_65)
FNDA:0,(anonymous_66)
FNDA:0,(anonymous_67)
DA:10,0
DA:12,0
DA:18,0
DA:20,0
DA:36,0
DA:37,0
DA:49,0
DA:63,0
DA:74,0
DA:80,0
DA:81,0
DA:82,0
DA:87,0
DA:88,0
DA:89,0
DA:90,0
DA:91,0
DA:92,0
DA:94,0
DA:99,0
DA:101,0
DA:102,0
DA:104,0
DA:109,0
DA:110,0
DA:111,0
DA:112,0
DA:113,0
DA:115,0
DA:116,0
DA:117,0
DA:118,0
DA:119,0
DA:120,0
DA:122,0
DA:124,0
DA:129,0
DA:131,0
DA:132,0
DA:134,0
DA:135,0
DA:137,0
DA:138,0
DA:139,0
DA:140,0
DA:142,0
DA:143,0
DA:150,0
DA:152,0
DA:157,0
DA:158,0
DA:159,0
DA:162,0
DA:163,0
DA:164,0
DA:165,0
DA:166,0
DA:167,0
DA:168,0
DA:169,0
DA:170,0
DA:171,0
DA:172,0
DA:173,0
DA:175,0
DA:180,0
DA:182,0
DA:183,0
DA:185,0
DA:186,0
DA:188,0
DA:189,0
DA:190,0
DA:192,0
DA:197,0
DA:198,0
DA:200,0
DA:201,0
DA:202,0
DA:204,0
DA:209,0
DA:210,0
DA:211,0
DA:212,0
DA:213,0
DA:214,0
DA:215,0
DA:216,0
DA:218,0
DA:223,0
DA:224,0
DA:225,0
DA:226,0
DA:227,0
DA:228,0
DA:229,0
DA:230,0
DA:232,0
DA:237,0
DA:238,0
DA:239,0
DA:242,0
DA:243,0
DA:244,0
DA:245,0
DA:246,0
DA:248,0
DA:249,0
DA:250,0
DA:251,0
DA:252,0
DA:254,0
DA:256,0
DA:261,0
DA:263,0
DA:264,0
DA:266,0
DA:267,0
DA:269,0
DA:270,0
DA:272,0
DA:273,0
DA:276,0
DA:279,0
DA:281,0
DA:286,0
DA:287,0
DA:288,0
DA:289,0
DA:290,0
DA:292,0
DA:293,0
DA:294,0
DA:295,0
DA:297,0
DA:299,0
DA:304,0
DA:305,0
DA:306,0
DA:307,0
DA:308,0
DA:309,0
DA:310,0
DA:311,0
DA:313,0
DA:318,0
DA:319,0
DA:320,0
DA:321,0
DA:322,0
DA:324,0
DA:325,0
DA:326,0
DA:327,0
DA:328,0
DA:329,0
DA:331,0
DA:333,0
DA:338,0
DA:340,0
DA:341,0
DA:342,0
DA:344,0
DA:345,0
DA:347,0
DA:348,0
DA:350,0
DA:351,0
DA:353,0
DA:354,0
DA:355,0
DA:357,0
DA:358,0
DA:366,0
DA:368,0
DA:373,0
DA:374,0
DA:375,0
DA:378,0
DA:379,0
DA:380,0
DA:381,0
DA:382,0
DA:383,0
DA:384,0
DA:385,0
DA:386,0
DA:387,0
DA:388,0
DA:389,0
DA:391,0
DA:396,0
DA:398,0
DA:399,0
DA:401,0
DA:402,0
DA:404,0
DA:405,0
DA:406,0
DA:408,0
DA:413,0
DA:414,0
DA:416,0
DA:417,0
DA:418,0
DA:420,0
DA:425,0
DA:426,0
DA:427,0
DA:428,0
DA:429,0
DA:430,0
DA:431,0
DA:432,0
DA:434,0
DA:439,0
DA:440,0
DA:441,0
DA:444,0
DA:445,0
DA:446,0
DA:448,0
DA:453,0
DA:455,0
DA:456,0
DA:458,0
DA:459,0
DA:461,0
DA:462,0
DA:463,0
DA:465,0
DA:470,0
DA:471,0
DA:472,0
DA:473,0
DA:474,0
DA:476,0
DA:477,0
DA:478,0
DA:479,0
DA:481,0
DA:483,0
DA:488,0
DA:490,0
DA:491,0
DA:493,0
DA:494,0
DA:495,0
DA:496,0
DA:498,0
DA:503,0
DA:504,0
DA:505,0
DA:506,0
DA:507,0
DA:509,0
DA:512,0
DA:513,0
DA:514,0
DA:517,0
DA:529,0
DA:531,0
DA:532,0
DA:534,0
DA:535,0
DA:536,0
DA:539,0
DA:540,0
DA:542,0
DA:543,0
DA:544,0
DA:546,0
DA:549,0
DA:552,0
LF:274
LH:0
BRDA:10,0,0,0
BRDA:10,0,1,0
BRDA:79,1,0,0
BRDA:101,2,0,0
BRDA:101,2,1,0
BRDA:111,3,0,0
BRDA:111,3,1,0
BRDA:118,4,0,0
BRDA:118,4,1,0
BRDA:118,5,0,0
BRDA:118,5,1,0
BRDA:118,6,0,0
BRDA:118,6,1,0
BRDA:135,7,0,0
BRDA:135,7,1,0
BRDA:138,8,0,0
BRDA:138,8,1,0
BRDA:139,9,0,0
BRDA:139,9,1,0
BRDA:140,10,0,0
BRDA:140,10,1,0
BRDA:157,11,0,0
BRDA:157,11,1,0
BRDA:171,12,0,0
BRDA:171,12,1,0
BRDA:183,13,0,0
BRDA:183,13,1,0
BRDA:186,14,0,0
BRDA:186,14,1,0
BRDA:237,15,0,0
BRDA:237,15,1,0
BRDA:244,16,0,0
BRDA:244,16,1,0
BRDA:251,17,0,0
BRDA:251,17,1,0
BRDA:252,18,0,0
BRDA:252,18,1,0
BRDA:267,19,0,0
BRDA:267,19,1,0
BRDA:269,20,0,0
BRDA:269,20,1,0
BRDA:270,21,0,0
BRDA:270,21,1,0
BRDA:288,22,0,0
BRDA:288,22,1,0
BRDA:295,23,0,0
BRDA:295,23,1,0
BRDA:320,24,0,0
BRDA:320,24,1,0
BRDA:327,25,0,0
BRDA:327,25,1,0
BRDA:327,26,0,0
BRDA:327,26,1,0
BRDA:327,27,0,0
BRDA:327,27,1,0
BRDA:329,28,0,0
BRDA:329,28,1,0
BRDA:345,29,0,0
BRDA:345,29,1,0
BRDA:348,30,0,0
BRDA:348,30,1,0
BRDA:351,31,0,0
BRDA:351,31,1,0
BRDA:355,32,0,0
BRDA:355,32,1,0
BRDA:373,33,0,0
BRDA:373,33,1,0
BRDA:399,34,0,0
BRDA:399,34,1,0
BRDA:402,35,0,0
BRDA:402,35,1,0
BRDA:439,36,0,0
BRDA:439,36,1,0
BRDA:456,37,0,0
BRDA:456,37,1,0
BRDA:459,38,0,0
BRDA:459,38,1,0
BRDA:472,39,0,0
BRDA:472,39,1,0
BRDA:493,40,0,0
BRDA:493,40,1,0
BRDA:534,41,0,0
BRDA:534,41,1,0
BRDA:542,42,0,0
BRDA:542,42,1,0
BRF:85
BRH:0
end_of_record
TN:
SF:src/context.js
FN:8,setContext
FN:30,getContext
FN:42,getAllContext
FN:57,(anonymous_3)
FN:63,deleteContext
FN:69,getContextHistory
FN:84,setPreference
FN:97,getPreference
FN:103,getAllPreferences
FN:106,(anonymous_9)
FNF:10
FNH:9
FNDA:4,setContext
FNDA:7,getContext
FNDA:2,getAllContext
FNDA:3,(anonymous_3)
FNDA:2,deleteContext
FNDA:0,getContextHistory
FNDA:1,setPreference
FNDA:3,getPreference
FNDA:1,getAllPreferences
FNDA:2,(anonymous_9)
DA:9,4
DA:11,4
DA:12,4
DA:14,4
DA:25,4
DA:27,4
DA:31,7
DA:32,7
DA:34,7
DA:36,6
DA:43,2
DA:45,2
DA:46,2
DA:48,2
DA:49,1
DA:50,1
DA:53,2
DA:55,2
DA:57,3
DA:64,2
DA:65,2
DA:66,2
DA:72,0
DA:73,0
DA:75,0
DA:77,0
DA:85,1
DA:87,1
DA:93,1
DA:94,1
DA:98,3
DA:99,3
DA:100,3
DA:104,1
DA:105,1
DA:106,2
LF:36
LH:32
BRDA:8,0,0,2
BRDA:8,1,0,3
BRDA:8,2,0,3
BRDA:11,3,0,0
BRDA:11,3,1,4
BRDA:12,4,0,1
BRDA:12,4,1,3
BRDA:34,5,0,1
BRDA:34,5,1,6
BRDA:38,6,0,2
BRDA:38,6,1,4
BRDA:42,7,0,1
BRDA:48,8,0,1
BRDA:48,8,1,1
BRDA:59,9,0,0
BRDA:59,9,1,3
BRDA:69,10,0,0
BRDA:75,11,0,0
BRDA:75,11,1,0
BRDA:79,12,0,0
BRDA:79,12,1,0
BRDA:97,13,0,2
BRDA:100,14,0,2
BRDA:100,14,1,1
BRF:24
BRH:17
end_of_record
TN:
SF:src/db.js
FN:18,getDb
FN:30,initializeDatabase
FN:45,closeDatabase
FN:52,getSchemaStats
FNF:4
FNH:0
FNDA:0,getDb
FNDA:0,initializeDatabase
FNDA:0,closeDatabase
FNDA:0,getSchemaStats
DA:11,0
DA:12,0
DA:14,0
DA:16,0
DA:19,0
DA:20,0
DA:21,0
DA:22,0
DA:23,0
DA:24,0
DA:25,0
DA:27,0
DA:31,0
DA:32,0
DA:34,0
DA:35,0
DA:36,0
DA:37,0
DA:38,0
DA:40,0
DA:41,0
DA:46,0
DA:47,0
DA:48,0
DA:53,0
DA:54,0
DA:55,0
DA:57,0
DA:58,0
DA:59,0
DA:60,0
DA:62,0
DA:66,0
LF:33
LH:0
BRDA:14,0,0,0
BRDA:14,0,1,0
BRDA:19,1,0,0
BRDA:19,1,1,0
BRDA:46,2,0,0
BRDA:46,2,1,0
BRF:6
BRH:0
end_of_record
TN:
SF:src/memory.js
FN:8,storeMemory
FN:32,searchMemories
FN:58,(anonymous_2)
FN:64,getMemory
FN:80,updateMemory
FN:104,deleteMemory
FN:110,getMemoryStats
FN:119,(anonymous_7)
FN:124,getRecentMemories
FN:128,(anonymous_9)
FNF:10
FNH:10
FNDA:2,storeMemory
FNDA:5,searchMemories
FNDA:5,(anonymous_2)
FNDA:4,getMemory
FNDA:3,updateMemory
FNDA:2,deleteMemory
FNDA:1,getMemoryStats
FNDA:2,(anonymous_7)
FNDA:2,getRecentMemories
FNDA:3,(anonymous_9)
DA:9,2
DA:11,2
DA:16,2
DA:18,2
DA:33,5
DA:35,5
DA:36,5
DA:38,5
DA:39,1
DA:40,1
DA:43,5
DA:44,1
DA:45,1
DA:48,5
DA:49,1
DA:50,1
DA:53,5
DA:54,5
DA:56,5
DA:58,5
DA:65,4
DA:68,4
DA:70,4
DA:72,4
DA:74,3
DA:81,3
DA:82,3
DA:84,3
DA:85,3
DA:87,3
DA:88,5
DA:89,4
DA:90,4
DA:94,3
DA:96,2
DA:98,2
DA:99,2
DA:101,2
DA:105,2
DA:106,2
DA:107,2
DA:111,1
DA:113,1
DA:114,1
DA:115,1
DA:117,1
DA:119,2
DA:125,2
DA:126,2
DA:128,3
LF:50
LH:50
BRDA:8,0,0,1
BRDA:8,1,0,1
BRDA:8,2,0,1
BRDA:8,3,0,1
BRDA:8,4,0,1
BRDA:32,5,0,2
BRDA:32,6,0,5
BRDA:38,7,0,1
BRDA:38,7,1,4
BRDA:43,8,0,1
BRDA:43,8,1,4
BRDA:48,9,0,1
BRDA:48,9,1,4
BRDA:60,10,0,5
BRDA:60,10,1,0
BRDA:72,11,0,1
BRDA:72,11,1,3
BRDA:76,12,0,3
BRDA:76,12,1,0
BRDA:88,13,0,4
BRDA:88,13,1,1
BRDA:90,14,0,0
BRDA:90,14,1,4
BRDA:94,15,0,1
BRDA:94,15,1,2
BRDA:101,16,0,1
BRDA:101,16,1,1
BRDA:124,17,0,0
BRDA:130,18,0,3
BRDA:130,18,1,0
BRF:30
BRH:25
end_of_record
TN:
SF:src/server.js
FN:12,(anonymous_0)
FN:64,validateRequired
FN:65,(anonymous_2)
FN:73,sanitize
FN:79,(anonymous_4)
FN:89,(anonymous_5)
FN:100,(anonymous_6)
FN:122,(anonymous_7)
FN:136,(anonymous_8)
FN:146,(anonymous_9)
FN:157,(anonymous_10)
FN:170,(anonymous_11)
FN:188,(anonymous_12)
FN:197,(anonymous_13)
FN:207,(anonymous_14)
FN:219,(anonymous_15)
FN:240,(anonymous_16)
FN:256,(anonymous_17)
FN:265,(anonymous_18)
FN:275,(anonymous_19)
FN:285,(anonymous_20)
FN:297,(anonymous_21)
FN:326,(anonymous_22)
FN:340,(anonymous_23)
FN:350,(anonymous_24)
FN:355,(anonymous_25)
FN:365,(anonymous_26)
FN:376,(anonymous_27)
FN:389,(anonymous_28)
FN:397,(anonymous_29)
FN:412,_verifyWebhookSignature
FN:427,(anonymous_31)
FN:486,(anonymous_32)
FN:490,(anonymous_33)
FN:494,(anonymous_34)
FN:500,broadcast
FN:511,(anonymous_36)
FN:514,(anonymous_37)
FN:517,(anonymous_38)
FN:520,(anonymous_39)
FN:525,(anonymous_40)
FNF:41
FNH:0
FNDA:0,(anonymous_0)
FNDA:0,validateRequired
FNDA:0,(anonymous_2)
FNDA:0,sanitize
FNDA:0,(anonymous_4)
FNDA:0,(anonymous_5)
FNDA:0,(anonymous_6)
FNDA:0,(anonymous_7)
FNDA:0,(anonymous_8)
FNDA:0,(anonymous_9)
FNDA:0,(anonymous_10)
FNDA:0,(anonymous_11)
FNDA:0,(anonymous_12)
FNDA:0,(anonymous_13)
FNDA:0,(anonymous_14)
FNDA:0,(anonymous_15)
FNDA:0,(anonymous_16)
FNDA:0,(anonymous_17)
FNDA:0,(anonymous_18)
FNDA:0,(anonymous_19)
FNDA:0,(anonymous_20)
FNDA:0,(anonymous_21)
FNDA:0,(anonymous_22)
FNDA:0,(anonymous_23)
FNDA:0,(anonymous_24)
FNDA:0,(anonymous_25)
FNDA:0,(anonymous_26)
FNDA:0,(anonymous_27)
FNDA:0,(anonymous_28)
FNDA:0,(anonymous_29)
FNDA:0,_verifyWebhookSignature
FNDA:0,(anonymous_31)
FNDA:0,(anonymous_32)
FNDA:0,(anonymous_33)
FNDA:0,(anonymous_34)
FNDA:0,broadcast
FNDA:0,(anonymous_36)
FNDA:0,(anonymous_37)
FNDA:0,(anonymous_38)
FNDA:0,(anonymous_39)
FNDA:0,(anonymous_40)
DA:12,0
DA:23,0
DA:24,0
DA:26,0
DA:27,0
DA:28,0
DA:31,0
DA:50,0
DA:51,0
DA:54,0
DA:61,0
DA:65,0
DA:66,0
DA:67,0
DA:69,0
DA:74,0
DA:75,0
DA:79,0
DA:80,0
DA:89,0
DA:90,0
DA:100,0
DA:101,0
DA:102,0
DA:104,0
DA:105,0
DA:115,0
DA:116,0
DA:118,0
DA:122,0
DA:123,0
DA:124,0
DA:130,0
DA:132,0
DA:136,0
DA:137,0
DA:138,0
DA:139,0
DA:140,0
DA:142,0
DA:146,0
DA:147,0
DA:148,0
DA:149,0
DA:150,0
DA:151,0
DA:153,0
DA:157,0
DA:158,0
DA:159,0
DA:160,0
DA:161,0
DA:162,0
DA:164,0
DA:170,0
DA:171,0
DA:173,0
DA:174,0
DA:181,0
DA:182,0
DA:184,0
DA:188,0
DA:189,0
DA:190,0
DA:191,0
DA:193,0
DA:197,0
DA:198,0
DA:199,0
DA:200,0
DA:201,0
DA:203,0
DA:207,0
DA:208,0
DA:209,0
DA:210,0
DA:211,0
DA:213,0
DA:219,0
DA:220,0
DA:221,0
DA:223,0
DA:224,0
DA:233,0
DA:234,0
DA:236,0
DA:240,0
DA:241,0
DA:242,0
DA:250,0
DA:252,0
DA:256,0
DA:257,0
DA:258,0
DA:259,0
DA:261,0
DA:265,0
DA:266,0
DA:267,0
DA:268,0
DA:269,0
DA:271,0
DA:275,0
DA:276,0
DA:277,0
DA:278,0
DA:279,0
DA:281,0
DA:285,0
DA:286,0
DA:287,0
DA:288,0
DA:289,0
DA:291,0
DA:297,0
DA:298,0
DA:299,0
DA:301,0
DA:302,0
DA:307,0
DA:308,0
DA:319,0
DA:320,0
DA:322,0
DA:326,0
DA:327,0
DA:328,0
DA:334,0
DA:336,0
DA:340,0
DA:341,0
DA:342,0
DA:343,0
DA:344,0
DA:346,0
DA:350,0
DA:351,0
DA:353,0
DA:354,0
DA:356,0
DA:357,0
DA:358,0
DA:361,0
DA:365,0
DA:366,0
DA:367,0
DA:368,0
DA:369,0
DA:370,0
DA:372,0
DA:376,0
DA:377,0
DA:378,0
DA:379,0
DA:380,0
DA:381,0
DA:383,0
DA:389,0
DA:390,0
DA:391,0
DA:393,0
DA:397,0
DA:398,0
DA:400,0
DA:401,0
DA:402,0
DA:404,0
DA:410,0
DA:413,0
DA:414,0
DA:415,0
DA:416,0
DA:417,0
DA:418,0
DA:419,0
DA:423,0
DA:427,0
DA:429,0
DA:430,0
DA:432,0
DA:435,0
DA:436,0
DA:440,0
DA:441,0
DA:452,0
DA:453,0
DA:456,0
DA:457,0
DA:461,0
DA:463,0
DA:464,0
DA:465,0
DA:468,0
DA:469,0
DA:470,0
DA:471,0
DA:473,0
DA:479,0
DA:483,0
DA:484,0
DA:486,0
DA:487,0
DA:488,0
DA:490,0
DA:491,0
DA:494,0
DA:495,0
DA:496,0
DA:501,0
DA:502,0
DA:503,0
DA:504,0
DA:511,0
DA:512,0
DA:513,0
DA:514,0
DA:517,0
DA:518,0
DA:519,0
DA:520,0
DA:523,0
DA:525,0
DA:526,0
LF:223
LH:0
BRDA:26,0,0,0
BRDA:26,0,1,0
BRDA:66,1,0,0
BRDA:66,1,1,0
BRDA:74,2,0,0
BRDA:74,2,1,0
BRDA:102,3,0,0
BRDA:102,3,1,0
BRDA:107,4,0,0
BRDA:107,4,1,0
BRDA:108,5,0,0
BRDA:108,5,1,0
BRDA:109,6,0,0
BRDA:109,6,1,0
BRDA:110,7,0,0
BRDA:110,7,1,0
BRDA:111,8,0,0
BRDA:111,8,1,0
BRDA:112,9,0,0
BRDA:112,9,1,0
BRDA:128,10,0,0
BRDA:128,10,1,0
BRDA:139,11,0,0
BRDA:139,11,1,0
BRDA:149,12,0,0
BRDA:149,12,1,0
BRDA:160,13,0,0
BRDA:160,13,1,0
BRDA:171,14,0,0
BRDA:171,14,1,0
BRDA:177,15,0,0
BRDA:177,15,1,0
BRDA:178,16,0,0
BRDA:178,16,1,0
BRDA:179,17,0,0
BRDA:179,17,1,0
BRDA:200,18,0,0
BRDA:200,18,1,0
BRDA:210,19,0,0
BRDA:210,19,1,0
BRDA:221,20,0,0
BRDA:221,20,1,0
BRDA:226,21,0,0
BRDA:226,21,1,0
BRDA:227,22,0,0
BRDA:227,22,1,0
BRDA:228,23,0,0
BRDA:228,23,1,0
BRDA:229,24,0,0
BRDA:229,24,1,0
BRDA:230,25,0,0
BRDA:230,25,1,0
BRDA:243,26,0,0
BRDA:243,26,1,0
BRDA:247,27,0,0
BRDA:247,27,1,0
BRDA:258,28,0,0
BRDA:258,28,1,0
BRDA:268,29,0,0
BRDA:268,29,1,0
BRDA:278,30,0,0
BRDA:278,30,1,0
BRDA:288,31,0,0
BRDA:288,31,1,0
BRDA:299,32,0,0
BRDA:299,32,1,0
BRDA:301,33,0,0
BRDA:301,33,1,0
BRDA:312,34,0,0
BRDA:312,34,1,0
BRDA:313,35,0,0
BRDA:313,35,1,0
BRDA:314,36,0,0
BRDA:314,36,1,0
BRDA:315,37,0,0
BRDA:315,37,1,0
BRDA:316,38,0,0
BRDA:316,38,1,0
BRDA:332,39,0,0
BRDA:332,39,1,0
BRDA:343,40,0,0
BRDA:343,40,1,0
BRDA:351,41,0,0
BRDA:351,41,1,0
BRDA:354,42,0,0
BRDA:354,42,1,0
BRDA:356,43,0,0
BRDA:356,43,1,0
BRDA:368,44,0,0
BRDA:368,44,1,0
BRDA:379,45,0,0
BRDA:379,45,1,0
BRDA:398,46,0,0
BRDA:398,46,1,0
BRDA:401,47,0,0
BRDA:401,47,1,0
BRDA:410,48,0,0
BRDA:410,48,1,0
BRDA:413,49,0,0
BRDA:413,49,1,0
BRDA:415,50,0,0
BRDA:415,50,1,0
BRDA:435,51,0,0
BRDA:435,51,1,0
BRDA:445,52,0,0
BRDA:445,52,1,0
BRDA:445,52,2,0
BRDA:445,52,3,0
BRDA:452,53,0,0
BRDA:452,53,1,0
BRDA:461,54,0,0
BRDA:461,54,1,0
BRDA:463,55,0,0
BRDA:463,55,1,0
BRDA:464,56,0,0
BRDA:464,56,1,0
BRDA:503,57,0,0
BRDA:503,57,1,0
BRF:118
BRH:0
end_of_record
TN:
SF:src/tasks.js
FN:9,calculatePriorityScore
FN:14,createTask
FN:38,getTasks
FN:67,(anonymous_3)
FN:74,getTask
FN:87,updateTask
FN:118,deleteTask
FN:124,getTaskStats
FN:134,(anonymous_8)
FN:135,(anonymous_9)
FNF:10
FNH:10
FNDA:14,calculatePriorityScore
FNDA:4,createTask
FNDA:6,getTasks
FNDA:7,(anonymous_3)
FNDA:4,getTask
FNDA:3,updateTask
FNDA:2,deleteTask
FNDA:1,getTaskStats
FNDA:2,(anonymous_8)
FNDA:2,(anonymous_9)
DA:11,14
DA:15,4
DA:17,4
DA:22,4
DA:24,4
DA:39,6
DA:41,6
DA:45,6
DA:47,6
DA:48,1
DA:49,1
DA:52,6
DA:53,0
DA:54,0
DA:57,6
DA:58,0
DA:59,0
DA:62,6
DA:63,6
DA:65,6
DA:67,7
DA:75,4
DA:76,4
DA:78,4
DA:80,3
DA:88,3
DA:89,3
DA:91,3
DA:92,3
DA:94,3
DA:95,4
DA:96,4
DA:97,4
DA:98,4
DA:102,3
DA:104,3
DA:106,3
DA:107,3
DA:110,3
DA:112,3
DA:113,3
DA:115,3
DA:119,2
DA:120,2
DA:121,2
DA:125,1
DA:127,1
DA:128,1
DA:129,1
DA:130,1
DA:132,1
DA:134,2
DA:135,2
LF:53
LH:49
BRDA:14,0,0,3
BRDA:14,1,0,1
BRDA:14,2,0,3
BRDA:14,3,0,3
BRDA:14,4,0,3
BRDA:14,5,0,3
BRDA:38,6,0,4
BRDA:38,7,0,5
BRDA:47,8,0,1
BRDA:47,8,1,5
BRDA:52,9,0,0
BRDA:52,9,1,6
BRDA:57,10,0,0
BRDA:57,10,1,6
BRDA:69,11,0,7
BRDA:69,11,1,0
BRDA:78,12,0,1
BRDA:78,12,1,3
BRDA:82,13,0,3
BRDA:82,13,1,0
BRDA:95,14,0,0
BRDA:95,14,1,4
BRDA:95,15,0,0
BRDA:95,15,1,4
BRDA:96,16,0,4
BRDA:96,16,1,0
BRDA:98,17,0,0
BRDA:98,17,1,4
BRDA:102,18,0,0
BRDA:102,18,1,3
BRDA:106,19,0,3
BRDA:106,19,1,0
BRDA:115,20,0,2
BRDA:115,20,1,1
BRF:34
BRH:24
end_of_record
