TN:
SF:src/auth.js
FN:18,hashPassword
FN:29,verifyPassword
FN:38,generateSessionToken
FN:49,createSession
FN:68,validateSession
FN:107,destroySession
FN:119,destroyAllUserSessions
FN:129,cleanupExpiredSessions
FN:143,createUser
FN:160,getUserByUsernameOrEmail
FNF:10
FNH:8
FNDA:5,hashPassword
FNDA:4,verifyPassword
FNDA:3,generateSessionToken
FNDA:3,createSession
FNDA:98,validateSession
FNDA:2,destroySession
FNDA:0,destroyAllUserSessions
FNDA:0,cleanupExpiredSessions
FNDA:5,createUser
FNDA:11,getUserByUsernameOrEmail
DA:9,2
DA:10,2
DA:11,2
DA:19,5
DA:20,5
DA:30,4
DA:31,4
DA:39,3
DA:50,3
DA:51,3
DA:52,3
DA:54,3
DA:59,3
DA:69,98
DA:71,98
DA:72,98
DA:75,98
DA:82,98
DA:86,97
DA:87,97
DA:89,97
DA:91,0
DA:92,0
DA:96,97
DA:97,97
DA:99,97
DA:108,2
DA:109,2
DA:110,2
DA:111,2
DA:120,0
DA:121,0
DA:122,0
DA:130,0
DA:131,0
DA:132,0
DA:133,0
DA:144,5
DA:145,5
DA:147,5
DA:152,5
DA:161,11
DA:162,11
LF:43
LH:34
BRDA:49,0,0,0
BRDA:49,1,0,0
BRDA:69,2,0,0
BRDA:69,2,1,98
BRDA:82,3,0,1
BRDA:82,3,1,97
BRDA:89,4,0,0
BRDA:89,4,1,97
BRDA:108,5,0,0
BRDA:108,5,1,2
BRF:10
BRH:5
end_of_record
TN:
SF:src/bridge.js
FN:15,createExchange
FN:40,getExchanges
FN:67,getExchange
FN:71,respondToExchange
FN:104,closeExchange
FN:113,escalateExchange
FN:122,getExchangeStats
FN:133,(anonymous_7)
FN:134,(anonymous_8)
FN:138,getOpenExchanges
FNF:10
FNH:10
FNDA:9,createExchange
FNDA:12,getExchanges
FNDA:7,getExchange
FNDA:3,respondToExchange
FNDA:4,closeExchange
FNDA:4,escalateExchange
FNDA:2,getExchangeStats
FNDA:4,(anonymous_7)
FNDA:3,(anonymous_8)
FNDA:1,getOpenExchanges
DA:16,9
DA:18,9
DA:23,9
DA:25,9
DA:41,12
DA:43,12
DA:44,12
DA:46,12
DA:47,3
DA:48,3
DA:51,12
DA:52,2
DA:53,2
DA:56,12
DA:57,2
DA:58,2
DA:61,12
DA:62,12
DA:64,12
DA:68,7
DA:72,3
DA:74,3
DA:80,3
DA:82,3
DA:83,2
DA:87,1
DA:88,1
DA:89,1
DA:90,1
DA:97,0
DA:101,1
DA:105,4
DA:106,4
DA:110,4
DA:114,4
DA:115,4
DA:119,4
DA:123,2
DA:125,2
DA:126,2
DA:127,2
DA:128,2
DA:130,2
DA:133,4
DA:134,3
DA:139,1
DA:143,3
DA:152,3
LF:48
LH:47
BRDA:15,0,0,2
BRDA:15,1,0,2
BRDA:15,2,0,2
BRDA:15,3,0,2
BRDA:15,4,0,2
BRDA:40,5,0,2
BRDA:40,6,0,6
BRDA:46,7,0,3
BRDA:46,7,1,9
BRDA:51,8,0,2
BRDA:51,8,1,10
BRDA:56,9,0,2
BRDA:56,9,1,10
BRDA:71,10,0,3
BRDA:82,11,0,2
BRDA:82,11,1,1
BRDA:88,12,0,1
BRDA:88,12,1,0
BRDA:119,13,0,2
BRDA:119,13,1,2
BRF:20
BRH:19
end_of_record
TN:
SF:src/cli.js
FN:36,(anonymous_0)
FN:37,(anonymous_1)
FN:49,(anonymous_2)
FN:63,(anonymous_3)
FN:74,(anonymous_4)
FN:79,apiRequest
FN:80,(anonymous_6)
FN:87,(anonymous_7)
FN:89,(anonymous_8)
FN:90,(anonymous_9)
FN:108,listTasks
FN:117,(anonymous_11)
FN:128,addTask
FN:129,(anonymous_13)
FN:129,(anonymous_14)
FN:156,getTask
FN:158,(anonymous_16)
FN:158,(anonymous_17)
FN:179,updateTask
FN:180,(anonymous_19)
FN:180,(anonymous_20)
FN:196,deleteTask
FN:197,(anonymous_22)
FN:197,(anonymous_23)
FN:208,taskStats
FN:222,showStats
FN:236,searchMemory
FN:238,(anonymous_27)
FN:238,(anonymous_28)
FN:250,(anonymous_29)
FN:260,addMemory
FN:261,(anonymous_31)
FN:261,(anonymous_32)
FN:276,(anonymous_33)
FN:285,recentMemories
FN:294,(anonymous_35)
FN:303,memoryStats
FN:310,(anonymous_37)
FN:317,listExchanges
FN:326,(anonymous_39)
FN:337,createExchange
FN:338,(anonymous_41)
FN:338,(anonymous_42)
FN:372,getExchange
FN:374,(anonymous_44)
FN:374,(anonymous_45)
FN:395,respondToExchange
FN:396,(anonymous_47)
FN:396,(anonymous_48)
FN:412,closeExchange
FN:413,(anonymous_50)
FN:413,(anonymous_51)
FN:424,bridgeStats
FN:438,getContext
FN:440,(anonymous_54)
FN:440,(anonymous_55)
FN:452,setContext
FN:453,(anonymous_57)
FN:453,(anonymous_58)
FN:469,getAllContext
FN:478,(anonymous_60)
FN:487,switchMode
FN:488,(anonymous_62)
FN:488,(anonymous_63)
FN:502,showHelp
FN:506,(anonymous_65)
FN:512,(anonymous_66)
FN:531,(anonymous_67)
FNF:68
FNH:0
FNDA:0,(anonymous_0)
FNDA:0,(anonymous_1)
FNDA:0,(anonymous_2)
FNDA:0,(anonymous_3)
FNDA:0,(anonymous_4)
FNDA:0,apiRequest
FNDA:0,(anonymous_6)
FNDA:0,(anonymous_7)
FNDA:0,(anonymous_8)
FNDA:0,(anonymous_9)
FNDA:0,listTasks
FNDA:0,(anonymous_11)
FNDA:0,addTask
FNDA:0,(anonymous_13)
FNDA:0,(anonymous_14)
FNDA:0,getTask
FNDA:0,(anonymous_16)
FNDA:0,(anonymous_17)
FNDA:0,updateTask
FNDA:0,(anonymous_19)
FNDA:0,(anonymous_20)
FNDA:0,deleteTask
FNDA:0,(anonymous_22)
FNDA:0,(anonymous_23)
FNDA:0,taskStats
FNDA:0,showStats
FNDA:0,searchMemory
FNDA:0,(anonymous_27)
FNDA:0,(anonymous_28)
FNDA:0,(anonymous_29)
FNDA:0,addMemory
FNDA:0,(anonymous_31)
FNDA:0,(anonymous_32)
FNDA:0,(anonymous_33)
FNDA:0,recentMemories
FNDA:0,(anonymous_35)
FNDA:0,memoryStats
FNDA:0,(anonymous_37)
FNDA:0,listExchanges
FNDA:0,(anonymous_39)
FNDA:0,createExchange
FNDA:0,(anonymous_41)
FNDA:0,(anonymous_42)
FNDA:0,getExchange
FNDA:0,(anonymous_44)
FNDA:0,(anonymous_45)
FNDA:0,respondToExchange
FNDA:0,(anonymous_47)
FNDA:0,(anonymous_48)
FNDA:0,closeExchange
FNDA:0,(anonymous_50)
FNDA:0,(anonymous_51)
FNDA:0,bridgeStats
FNDA:0,getContext
FNDA:0,(anonymous_54)
FNDA:0,(anonymous_55)
FNDA:0,setContext
FNDA:0,(anonymous_57)
FNDA:0,(anonymous_58)
FNDA:0,getAllContext
FNDA:0,(anonymous_60)
FNDA:0,switchMode
FNDA:0,(anonymous_62)
FNDA:0,(anonymous_63)
FNDA:0,showHelp
FNDA:0,(anonymous_65)
FNDA:0,(anonymous_66)
FNDA:0,(anonymous_67)
DA:10,0
DA:12,0
DA:18,0
DA:20,0
DA:36,0
DA:37,0
DA:49,0
DA:63,0
DA:74,0
DA:80,0
DA:81,0
DA:82,0
DA:87,0
DA:88,0
DA:89,0
DA:90,0
DA:91,0
DA:92,0
DA:94,0
DA:99,0
DA:101,0
DA:102,0
DA:104,0
DA:109,0
DA:110,0
DA:111,0
DA:112,0
DA:113,0
DA:115,0
DA:116,0
DA:117,0
DA:118,0
DA:119,0
DA:120,0
DA:122,0
DA:124,0
DA:129,0
DA:131,0
DA:132,0
DA:134,0
DA:135,0
DA:137,0
DA:138,0
DA:139,0
DA:140,0
DA:142,0
DA:143,0
DA:150,0
DA:152,0
DA:157,0
DA:158,0
DA:159,0
DA:162,0
DA:163,0
DA:164,0
DA:165,0
DA:166,0
DA:167,0
DA:168,0
DA:169,0
DA:170,0
DA:171,0
DA:172,0
DA:173,0
DA:175,0
DA:180,0
DA:182,0
DA:183,0
DA:185,0
DA:186,0
DA:188,0
DA:189,0
DA:190,0
DA:192,0
DA:197,0
DA:198,0
DA:200,0
DA:201,0
DA:202,0
DA:204,0
DA:209,0
DA:210,0
DA:211,0
DA:212,0
DA:213,0
DA:214,0
DA:215,0
DA:216,0
DA:218,0
DA:223,0
DA:224,0
DA:225,0
DA:226,0
DA:227,0
DA:228,0
DA:229,0
DA:230,0
DA:232,0
DA:237,0
DA:238,0
DA:239,0
DA:242,0
DA:243,0
DA:244,0
DA:245,0
DA:246,0
DA:248,0
DA:249,0
DA:250,0
DA:251,0
DA:252,0
DA:254,0
DA:256,0
DA:261,0
DA:263,0
DA:264,0
DA:266,0
DA:267,0
DA:269,0
DA:270,0
DA:272,0
DA:273,0
DA:276,0
DA:279,0
DA:281,0
DA:286,0
DA:287,0
DA:288,0
DA:289,0
DA:290,0
DA:292,0
DA:293,0
DA:294,0
DA:295,0
DA:297,0
DA:299,0
DA:304,0
DA:305,0
DA:306,0
DA:307,0
DA:308,0
DA:309,0
DA:310,0
DA:311,0
DA:313,0
DA:318,0
DA:319,0
DA:320,0
DA:321,0
DA:322,0
DA:324,0
DA:325,0
DA:326,0
DA:327,0
DA:328,0
DA:329,0
DA:331,0
DA:333,0
DA:338,0
DA:340,0
DA:341,0
DA:342,0
DA:344,0
DA:345,0
DA:347,0
DA:348,0
DA:350,0
DA:351,0
DA:353,0
DA:354,0
DA:355,0
DA:357,0
DA:358,0
DA:366,0
DA:368,0
DA:373,0
DA:374,0
DA:375,0
DA:378,0
DA:379,0
DA:380,0
DA:381,0
DA:382,0
DA:383,0
DA:384,0
DA:385,0
DA:386,0
DA:387,0
DA:388,0
DA:389,0
DA:391,0
DA:396,0
DA:398,0
DA:399,0
DA:401,0
DA:402,0
DA:404,0
DA:405,0
DA:406,0
DA:408,0
DA:413,0
DA:414,0
DA:416,0
DA:417,0
DA:418,0
DA:420,0
DA:425,0
DA:426,0
DA:427,0
DA:428,0
DA:429,0
DA:430,0
DA:431,0
DA:432,0
DA:434,0
DA:439,0
DA:440,0
DA:441,0
DA:444,0
DA:445,0
DA:446,0
DA:448,0
DA:453,0
DA:455,0
DA:456,0
DA:458,0
DA:459,0
DA:461,0
DA:462,0
DA:463,0
DA:465,0
DA:470,0
DA:471,0
DA:472,0
DA:473,0
DA:474,0
DA:476,0
DA:477,0
DA:478,0
DA:479,0
DA:481,0
DA:483,0
DA:488,0
DA:490,0
DA:491,0
DA:493,0
DA:494,0
DA:495,0
DA:496,0
DA:498,0
DA:503,0
DA:504,0
DA:505,0
DA:506,0
DA:507,0
DA:509,0
DA:512,0
DA:513,0
DA:514,0
DA:517,0
DA:529,0
DA:531,0
DA:532,0
DA:534,0
DA:535,0
DA:536,0
DA:539,0
DA:540,0
DA:542,0
DA:543,0
DA:544,0
DA:546,0
DA:549,0
DA:552,0
LF:274
LH:0
BRDA:10,0,0,0
BRDA:10,0,1,0
BRDA:79,1,0,0
BRDA:101,2,0,0
BRDA:101,2,1,0
BRDA:111,3,0,0
BRDA:111,3,1,0
BRDA:118,4,0,0
BRDA:118,4,1,0
BRDA:118,5,0,0
BRDA:118,5,1,0
BRDA:118,6,0,0
BRDA:118,6,1,0
BRDA:135,7,0,0
BRDA:135,7,1,0
BRDA:138,8,0,0
BRDA:138,8,1,0
BRDA:139,9,0,0
BRDA:139,9,1,0
BRDA:140,10,0,0
BRDA:140,10,1,0
BRDA:157,11,0,0
BRDA:157,11,1,0
BRDA:171,12,0,0
BRDA:171,12,1,0
BRDA:183,13,0,0
BRDA:183,13,1,0
BRDA:186,14,0,0
BRDA:186,14,1,0
BRDA:237,15,0,0
BRDA:237,15,1,0
BRDA:244,16,0,0
BRDA:244,16,1,0
BRDA:251,17,0,0
BRDA:251,17,1,0
BRDA:252,18,0,0
BRDA:252,18,1,0
BRDA:267,19,0,0
BRDA:267,19,1,0
BRDA:269,20,0,0
BRDA:269,20,1,0
BRDA:270,21,0,0
BRDA:270,21,1,0
BRDA:288,22,0,0
BRDA:288,22,1,0
BRDA:295,23,0,0
BRDA:295,23,1,0
BRDA:320,24,0,0
BRDA:320,24,1,0
BRDA:327,25,0,0
BRDA:327,25,1,0
BRDA:327,26,0,0
BRDA:327,26,1,0
BRDA:327,27,0,0
BRDA:327,27,1,0
BRDA:329,28,0,0
BRDA:329,28,1,0
BRDA:345,29,0,0
BRDA:345,29,1,0
BRDA:348,30,0,0
BRDA:348,30,1,0
BRDA:351,31,0,0
BRDA:351,31,1,0
BRDA:355,32,0,0
BRDA:355,32,1,0
BRDA:373,33,0,0
BRDA:373,33,1,0
BRDA:399,34,0,0
BRDA:399,34,1,0
BRDA:402,35,0,0
BRDA:402,35,1,0
BRDA:439,36,0,0
BRDA:439,36,1,0
BRDA:456,37,0,0
BRDA:456,37,1,0
BRDA:459,38,0,0
BRDA:459,38,1,0
BRDA:472,39,0,0
BRDA:472,39,1,0
BRDA:493,40,0,0
BRDA:493,40,1,0
BRDA:534,41,0,0
BRDA:534,41,1,0
BRDA:542,42,0,0
BRDA:542,42,1,0
BRF:85
BRH:0
end_of_record
TN:
SF:src/context.js
FN:8,setContext
FN:33,getContext
FN:45,getAllContext
FN:60,(anonymous_3)
FN:66,deleteContext
FN:72,getContextHistory
FN:87,setPreference
FN:100,getPreference
FN:106,getAllPreferences
FN:109,(anonymous_9)
FNF:10
FNH:9
FNDA:16,setContext
FNDA:21,getContext
FNDA:3,getAllContext
FNDA:3,(anonymous_3)
FNDA:5,deleteContext
FNDA:0,getContextHistory
FNDA:2,setPreference
FNDA:4,getPreference
FNDA:3,getAllPreferences
FNDA:3,(anonymous_9)
DA:9,16
DA:12,16
DA:13,16
DA:14,16
DA:15,16
DA:17,16
DA:28,16
DA:30,16
DA:34,21
DA:35,21
DA:37,21
DA:39,19
DA:46,3
DA:48,3
DA:49,3
DA:51,3
DA:52,1
DA:53,1
DA:56,3
DA:58,3
DA:60,3
DA:67,5
DA:68,5
DA:69,5
DA:75,0
DA:76,0
DA:78,0
DA:80,0
DA:88,2
DA:90,2
DA:96,2
DA:97,2
DA:101,4
DA:102,4
DA:103,4
DA:107,3
DA:108,3
DA:109,3
LF:38
LH:34
BRDA:8,0,0,2
BRDA:8,1,0,3
BRDA:8,2,0,3
BRDA:13,3,0,16
BRDA:13,3,1,15
BRDA:13,3,2,14
BRDA:14,4,0,3
BRDA:14,4,1,13
BRDA:15,5,0,3
BRDA:15,5,1,13
BRDA:15,6,0,16
BRDA:15,6,1,15
BRDA:15,6,2,14
BRDA:37,7,0,2
BRDA:37,7,1,19
BRDA:41,8,0,4
BRDA:41,8,1,15
BRDA:45,9,0,2
BRDA:51,10,0,1
BRDA:51,10,1,2
BRDA:62,11,0,0
BRDA:62,11,1,3
BRDA:72,12,0,0
BRDA:78,13,0,0
BRDA:78,13,1,0
BRDA:82,14,0,0
BRDA:82,14,1,0
BRDA:100,15,0,3
BRDA:103,16,0,3
BRDA:103,16,1,1
BRF:30
BRH:24
end_of_record
TN:
SF:src/db.js
FN:18,applyPragmas
FN:26,getDb
FN:34,initializeDatabase
FN:49,closeDatabase
FN:56,getSchemaStats
FNF:5
FNH:5
FNDA:5,applyPragmas
FNDA:281,getDb
FNDA:12,initializeDatabase
FNDA:3,closeDatabase
FNDA:23,getSchemaStats
DA:11,3
DA:12,3
DA:14,3
DA:16,3
DA:19,5
DA:20,5
DA:21,5
DA:22,5
DA:23,5
DA:27,281
DA:28,5
DA:29,5
DA:31,281
DA:35,12
DA:36,12
DA:38,12
DA:39,12
DA:40,12
DA:41,12
DA:42,12
DA:44,0
DA:45,0
DA:50,3
DA:51,3
DA:52,3
DA:57,23
DA:58,23
DA:59,23
DA:61,23
DA:62,115
DA:63,115
DA:64,114
DA:66,1
DA:70,23
LF:34
LH:32
BRDA:14,0,0,3
BRDA:14,0,1,0
BRDA:27,1,0,5
BRDA:27,1,1,276
BRDA:50,2,0,3
BRDA:50,2,1,0
BRF:6
BRH:4
end_of_record
TN:
SF:src/memory.js
FN:8,storeMemory
FN:32,searchMemories
FN:58,(anonymous_2)
FN:64,getMemory
FN:80,updateMemory
FN:104,deleteMemory
FN:110,getMemoryStats
FN:119,(anonymous_7)
FN:124,getRecentMemories
FN:128,(anonymous_9)
FNF:10
FNH:10
FNDA:10,storeMemory
FNDA:10,searchMemories
FNDA:14,(anonymous_2)
FNDA:6,getMemory
FNDA:3,updateMemory
FNDA:2,deleteMemory
FNDA:2,getMemoryStats
FNDA:3,(anonymous_7)
FNDA:5,getRecentMemories
FNDA:16,(anonymous_9)
DA:9,10
DA:11,10
DA:16,10
DA:18,10
DA:33,10
DA:35,10
DA:36,10
DA:38,10
DA:39,5
DA:40,5
DA:43,10
DA:44,2
DA:45,2
DA:48,10
DA:49,2
DA:50,2
DA:53,10
DA:54,10
DA:56,10
DA:58,14
DA:65,6
DA:68,6
DA:70,6
DA:72,6
DA:74,3
DA:81,3
DA:82,3
DA:84,3
DA:85,3
DA:87,3
DA:88,5
DA:89,4
DA:90,4
DA:94,3
DA:96,2
DA:98,2
DA:99,2
DA:101,2
DA:105,2
DA:106,2
DA:107,2
DA:111,2
DA:113,2
DA:114,2
DA:115,2
DA:117,2
DA:119,3
DA:125,5
DA:126,5
DA:128,16
LF:50
LH:50
BRDA:8,0,0,1
BRDA:8,1,0,1
BRDA:8,2,0,1
BRDA:8,3,0,1
BRDA:8,4,0,1
BRDA:32,5,0,2
BRDA:32,6,0,10
BRDA:38,7,0,5
BRDA:38,7,1,5
BRDA:43,8,0,2
BRDA:43,8,1,8
BRDA:48,9,0,2
BRDA:48,9,1,8
BRDA:60,10,0,14
BRDA:60,10,1,0
BRDA:72,11,0,3
BRDA:72,11,1,3
BRDA:76,12,0,3
BRDA:76,12,1,0
BRDA:88,13,0,4
BRDA:88,13,1,1
BRDA:90,14,0,0
BRDA:90,14,1,4
BRDA:94,15,0,1
BRDA:94,15,1,2
BRDA:101,16,0,1
BRDA:101,16,1,1
BRDA:124,17,0,0
BRDA:130,18,0,16
BRDA:130,18,1,0
BRF:30
BRH:25
end_of_record
TN:
SF:src/server.js
FN:12,(anonymous_0)
FN:65,validateRequired
FN:66,(anonymous_2)
FN:74,sanitize
FN:80,(anonymous_4)
FN:90,(anonymous_5)
FN:101,parseSessionCookie
FN:107,(anonymous_7)
FN:144,(anonymous_8)
FN:181,(anonymous_9)
FN:191,(anonymous_10)
FN:212,(anonymous_11)
FN:234,(anonymous_12)
FN:248,(anonymous_13)
FN:258,(anonymous_14)
FN:269,(anonymous_15)
FN:282,(anonymous_16)
FN:300,(anonymous_17)
FN:309,(anonymous_18)
FN:319,(anonymous_19)
FN:331,(anonymous_20)
FN:352,(anonymous_21)
FN:368,(anonymous_22)
FN:377,(anonymous_23)
FN:387,(anonymous_24)
FN:397,(anonymous_25)
FN:409,(anonymous_26)
FN:438,(anonymous_27)
FN:452,(anonymous_28)
FN:462,(anonymous_29)
FN:467,(anonymous_30)
FN:477,(anonymous_31)
FN:488,(anonymous_32)
FN:501,(anonymous_33)
FN:509,(anonymous_34)
FN:524,_verifyWebhookSignature
FN:536,(anonymous_36)
FN:595,(anonymous_37)
FN:599,(anonymous_38)
FN:603,(anonymous_39)
FN:609,broadcast
FN:620,(anonymous_41)
FN:623,(anonymous_42)
FN:626,(anonymous_43)
FN:629,(anonymous_44)
FN:634,(anonymous_45)
FNF:46
FNH:33
FNDA:0,(anonymous_0)
FNDA:40,validateRequired
FNDA:60,(anonymous_2)
FNDA:174,sanitize
FNDA:19,(anonymous_4)
FNDA:1,(anonymous_5)
FNDA:5,parseSessionCookie
FNDA:10,(anonymous_7)
FNDA:6,(anonymous_8)
FNDA:3,(anonymous_9)
FNDA:2,(anonymous_10)
FNDA:21,(anonymous_11)
FNDA:7,(anonymous_12)
FNDA:3,(anonymous_13)
FNDA:4,(anonymous_14)
FNDA:1,(anonymous_15)
FNDA:14,(anonymous_16)
FNDA:1,(anonymous_17)
FNDA:2,(anonymous_18)
FNDA:3,(anonymous_19)
FNDA:9,(anonymous_20)
FNDA:5,(anonymous_21)
FNDA:3,(anonymous_22)
FNDA:2,(anonymous_23)
FNDA:0,(anonymous_24)
FNDA:0,(anonymous_25)
FNDA:10,(anonymous_26)
FNDA:5,(anonymous_27)
FNDA:1,(anonymous_28)
FNDA:1,(anonymous_29)
FNDA:0,(anonymous_30)
FNDA:2,(anonymous_31)
FNDA:2,(anonymous_32)
FNDA:1,(anonymous_33)
FNDA:1,(anonymous_34)
FNDA:0,_verifyWebhookSignature
FNDA:0,(anonymous_36)
FNDA:0,(anonymous_37)
FNDA:0,(anonymous_38)
FNDA:0,(anonymous_39)
FNDA:47,broadcast
FNDA:0,(anonymous_41)
FNDA:0,(anonymous_42)
FNDA:0,(anonymous_43)
FNDA:0,(anonymous_44)
FNDA:1,(anonymous_45)
DA:12,2
DA:24,2
DA:25,2
DA:27,2
DA:28,2
DA:29,2
DA:32,2
DA:51,2
DA:52,2
DA:55,2
DA:62,2
DA:66,60
DA:67,40
DA:68,5
DA:70,35
DA:75,174
DA:76,174
DA:80,2
DA:81,19
DA:90,2
DA:91,1
DA:102,5
DA:103,3
DA:104,3
DA:107,2
DA:108,10
DA:110,10
DA:111,2
DA:114,8
DA:115,0
DA:118,8
DA:119,1
DA:122,7
DA:123,1
DA:126,6
DA:127,6
DA:129,6
DA:130,6
DA:131,1
DA:134,5
DA:135,5
DA:137,0
DA:138,0
DA:140,0
DA:144,2
DA:145,6
DA:147,6
DA:148,1
DA:151,5
DA:152,5
DA:154,5
DA:155,5
DA:156,1
DA:159,4
DA:160,4
DA:161,1
DA:165,3
DA:166,3
DA:168,3
DA:174,3
DA:175,3
DA:177,0
DA:181,2
DA:182,3
DA:183,3
DA:184,2
DA:185,2
DA:187,3
DA:188,3
DA:191,2
DA:192,2
DA:193,2
DA:194,1
DA:197,1
DA:198,1
DA:199,1
DA:200,1
DA:201,1
DA:202,1
DA:204,0
DA:206,0
DA:212,2
DA:213,21
DA:214,21
DA:216,18
DA:217,18
DA:227,18
DA:228,18
DA:230,0
DA:234,2
DA:235,7
DA:236,7
DA:242,7
DA:244,0
DA:248,2
DA:249,3
DA:250,3
DA:251,3
DA:252,0
DA:254,0
DA:258,2
DA:259,4
DA:260,4
DA:261,2
DA:262,1
DA:263,1
DA:265,2
DA:269,2
DA:270,1
DA:271,1
DA:272,1
DA:273,0
DA:274,0
DA:276,0
DA:282,2
DA:283,14
DA:285,12
DA:286,12
DA:293,12
DA:294,12
DA:296,0
DA:300,2
DA:301,1
DA:302,1
DA:303,1
DA:305,0
DA:309,2
DA:310,2
DA:311,2
DA:312,2
DA:313,1
DA:315,0
DA:319,2
DA:320,3
DA:321,3
DA:322,3
DA:323,2
DA:325,0
DA:331,2
DA:332,9
DA:333,9
DA:335,8
DA:336,8
DA:345,8
DA:346,8
DA:348,0
DA:352,2
DA:353,5
DA:354,5
DA:362,5
DA:364,0
DA:368,2
DA:369,3
DA:370,3
DA:371,3
DA:373,0
DA:377,2
DA:378,2
DA:379,2
DA:380,2
DA:381,0
DA:383,0
DA:387,2
DA:388,0
DA:389,0
DA:390,0
DA:391,0
DA:393,0
DA:397,2
DA:398,0
DA:399,0
DA:400,0
DA:401,0
DA:403,0
DA:409,2
DA:410,10
DA:411,10
DA:413,9
DA:414,3
DA:419,6
DA:420,6
DA:431,6
DA:432,6
DA:434,0
DA:438,2
DA:439,5
DA:440,5
DA:446,5
DA:448,0
DA:452,2
DA:453,1
DA:454,1
DA:455,1
DA:456,0
DA:458,0
DA:462,2
DA:463,1
DA:465,0
DA:466,0
DA:468,0
DA:469,0
DA:470,0
DA:473,0
DA:477,2
DA:478,2
DA:479,2
DA:480,2
DA:481,1
DA:482,1
DA:484,0
DA:488,2
DA:489,2
DA:490,2
DA:491,2
DA:492,1
DA:493,1
DA:495,0
DA:501,2
DA:502,1
DA:503,1
DA:505,0
DA:509,2
DA:510,1
DA:512,1
DA:513,1
DA:514,1
DA:516,0
DA:522,2
DA:525,0
DA:526,0
DA:527,0
DA:528,0
DA:529,0
DA:530,0
DA:531,0
DA:536,2
DA:538,0
DA:539,0
DA:541,0
DA:544,0
DA:545,0
DA:549,0
DA:550,0
DA:561,0
DA:562,0
DA:565,0
DA:566,0
DA:570,0
DA:572,0
DA:573,0
DA:574,0
DA:577,0
DA:578,0
DA:579,0
DA:580,0
DA:582,0
DA:588,2
DA:592,2
DA:593,2
DA:595,2
DA:596,0
DA:597,0
DA:599,0
DA:600,0
DA:603,0
DA:604,0
DA:605,0
DA:610,47
DA:611,47
DA:612,0
DA:613,0
DA:620,2
DA:621,0
DA:622,0
DA:623,0
DA:626,2
DA:627,0
DA:628,0
DA:629,0
DA:632,2
DA:634,2
DA:635,1
LF:282
LH:193
BRDA:27,0,0,2
BRDA:27,0,1,2
BRDA:67,1,0,5
BRDA:67,1,1,35
BRDA:75,2,0,0
BRDA:75,2,1,174
BRDA:102,3,0,2
BRDA:102,3,1,3
BRDA:104,4,0,3
BRDA:104,4,1,0
BRDA:108,5,0,10
BRDA:108,5,1,0
BRDA:110,6,0,2
BRDA:110,6,1,8
BRDA:110,7,0,10
BRDA:110,7,1,9
BRDA:110,7,2,8
BRDA:114,8,0,0
BRDA:114,8,1,8
BRDA:114,9,0,8
BRDA:114,9,1,8
BRDA:118,10,0,1
BRDA:118,10,1,7
BRDA:122,11,0,1
BRDA:122,11,1,6
BRDA:130,12,0,1
BRDA:130,12,1,5
BRDA:137,13,0,0
BRDA:137,13,1,0
BRDA:145,14,0,6
BRDA:145,14,1,0
BRDA:147,15,0,1
BRDA:147,15,1,5
BRDA:147,16,0,6
BRDA:147,16,1,5
BRDA:155,17,0,1
BRDA:155,17,1,4
BRDA:160,18,0,1
BRDA:160,18,1,3
BRDA:170,19,0,3
BRDA:170,19,1,0
BRDA:170,19,2,0
BRDA:171,20,0,3
BRDA:171,20,1,3
BRDA:182,21,0,3
BRDA:182,21,1,1
BRDA:183,22,0,2
BRDA:183,22,1,1
BRDA:192,23,0,2
BRDA:192,23,1,1
BRDA:193,24,0,1
BRDA:193,24,1,1
BRDA:200,25,0,1
BRDA:200,25,1,0
BRDA:214,26,0,3
BRDA:214,26,1,18
BRDA:219,27,0,18
BRDA:219,27,1,17
BRDA:220,28,0,18
BRDA:220,28,1,14
BRDA:221,29,0,18
BRDA:221,29,1,14
BRDA:222,30,0,18
BRDA:222,30,1,16
BRDA:223,31,0,1
BRDA:223,31,1,17
BRDA:224,32,0,18
BRDA:224,32,1,18
BRDA:240,33,0,7
BRDA:240,33,1,7
BRDA:251,34,0,3
BRDA:251,34,1,0
BRDA:261,35,0,1
BRDA:261,35,1,1
BRDA:272,36,0,1
BRDA:272,36,1,0
BRDA:283,37,0,2
BRDA:283,37,1,12
BRDA:289,38,0,12
BRDA:289,38,1,12
BRDA:290,39,0,12
BRDA:290,39,1,12
BRDA:291,40,0,12
BRDA:291,40,1,12
BRDA:312,41,0,1
BRDA:312,41,1,1
BRDA:322,42,0,1
BRDA:322,42,1,2
BRDA:333,43,0,1
BRDA:333,43,1,8
BRDA:338,44,0,8
BRDA:338,44,1,6
BRDA:339,45,0,1
BRDA:339,45,1,7
BRDA:340,46,0,8
BRDA:340,46,1,6
BRDA:341,47,0,8
BRDA:341,47,1,7
BRDA:342,48,0,8
BRDA:342,48,1,8
BRDA:355,49,0,5
BRDA:355,49,1,1
BRDA:359,50,0,5
BRDA:359,50,1,5
BRDA:370,51,0,3
BRDA:370,51,1,2
BRDA:380,52,0,2
BRDA:380,52,1,0
BRDA:390,53,0,0
BRDA:390,53,1,0
BRDA:400,54,0,0
BRDA:400,54,1,0
BRDA:411,55,0,1
BRDA:411,55,1,9
BRDA:413,56,0,3
BRDA:413,56,1,6
BRDA:424,57,0,6
BRDA:424,57,1,5
BRDA:425,58,0,6
BRDA:425,58,1,5
BRDA:426,59,0,6
BRDA:426,59,1,3
BRDA:427,60,0,6
BRDA:427,60,1,6
BRDA:428,61,0,6
BRDA:428,61,1,6
BRDA:444,62,0,5
BRDA:444,62,1,4
BRDA:455,63,0,1
BRDA:455,63,1,0
BRDA:463,64,0,1
BRDA:463,64,1,0
BRDA:466,65,0,0
BRDA:466,65,1,0
BRDA:468,66,0,0
BRDA:468,66,1,0
BRDA:480,67,0,1
BRDA:480,67,1,1
BRDA:491,68,0,1
BRDA:491,68,1,1
BRDA:510,69,0,0
BRDA:510,69,1,1
BRDA:513,70,0,1
BRDA:513,70,1,0
BRDA:522,71,0,2
BRDA:522,71,1,2
BRDA:525,72,0,0
BRDA:525,72,1,0
BRDA:527,73,0,0
BRDA:527,73,1,0
BRDA:544,74,0,0
BRDA:544,74,1,0
BRDA:554,75,0,0
BRDA:554,75,1,0
BRDA:554,75,2,0
BRDA:554,75,3,0
BRDA:561,76,0,0
BRDA:561,76,1,0
BRDA:570,77,0,0
BRDA:570,77,1,0
BRDA:572,78,0,0
BRDA:572,78,1,0
BRDA:573,79,0,0
BRDA:573,79,1,0
BRDA:612,80,0,0
BRDA:612,80,1,0
BRF:166
BRH:121
end_of_record
TN:
SF:src/tasks.js
FN:9,calculatePriorityScore
FN:14,createTask
FN:38,getTasks
FN:67,(anonymous_3)
FN:74,getTask
FN:87,updateTask
FN:118,deleteTask
FN:124,getTaskStats
FN:134,(anonymous_8)
FN:135,(anonymous_9)
FNF:10
FNH:10
FNDA:67,calculatePriorityScore
FNDA:22,createTask
FNDA:13,getTasks
FNDA:41,(anonymous_3)
FNDA:8,getTask
FNDA:7,updateTask
FNDA:3,deleteTask
FNDA:2,getTaskStats
FNDA:4,(anonymous_8)
FNDA:4,(anonymous_9)
DA:11,67
DA:15,22
DA:17,22
DA:22,22
DA:24,22
DA:39,13
DA:41,13
DA:45,13
DA:47,13
DA:48,4
DA:49,4
DA:52,13
DA:53,1
DA:54,1
DA:57,13
DA:58,0
DA:59,0
DA:62,13
DA:63,13
DA:65,13
DA:67,41
DA:75,8
DA:76,8
DA:78,8
DA:80,4
DA:88,7
DA:89,7
DA:91,7
DA:92,7
DA:94,7
DA:95,8
DA:96,8
DA:97,8
DA:98,8
DA:102,7
DA:104,7
DA:106,7
DA:107,3
DA:110,7
DA:112,7
DA:113,7
DA:115,5
DA:119,3
DA:120,3
DA:121,3
DA:125,2
DA:127,2
DA:128,2
DA:129,2
DA:130,2
DA:132,2
DA:134,4
DA:135,4
LF:53
LH:51
BRDA:14,0,0,3
BRDA:14,1,0,1
BRDA:14,2,0,3
BRDA:14,3,0,3
BRDA:14,4,0,3
BRDA:14,5,0,3
BRDA:38,6,0,4
BRDA:38,7,0,5
BRDA:47,8,0,4
BRDA:47,8,1,9
BRDA:52,9,0,1
BRDA:52,9,1,12
BRDA:57,10,0,0
BRDA:57,10,1,13
BRDA:69,11,0,41
BRDA:69,11,1,0
BRDA:78,12,0,4
BRDA:78,12,1,4
BRDA:82,13,0,4
BRDA:82,13,1,0
BRDA:95,14,0,0
BRDA:95,14,1,8
BRDA:95,15,0,0
BRDA:95,15,1,8
BRDA:96,16,0,8
BRDA:96,16,1,0
BRDA:98,17,0,0
BRDA:98,17,1,8
BRDA:102,18,0,0
BRDA:102,18,1,7
BRDA:106,19,0,3
BRDA:106,19,1,4
BRDA:115,20,0,3
BRDA:115,20,1,2
BRF:34
BRH:26
end_of_record
TN:
SF:src/middleware/auth.js
FN:14,requireAuth
FN:21,(anonymous_1)
FN:27,(anonymous_2)
FN:36,optionalAuth
FN:43,(anonymous_4)
FN:48,(anonymous_5)
FN:56,parseSessionCookie
FNF:7
FNH:3
FNDA:102,requireAuth
FNDA:97,(anonymous_1)
FNDA:0,(anonymous_2)
FNDA:0,optionalAuth
FNDA:0,(anonymous_4)
FNDA:0,(anonymous_5)
FNDA:102,parseSessionCookie
DA:15,102
DA:17,102
DA:18,5
DA:21,97
DA:22,97
DA:23,0
DA:25,97
DA:26,97
DA:28,0
DA:37,0
DA:39,0
DA:40,0
DA:43,0
DA:44,0
DA:45,0
DA:47,0
DA:48,0
DA:57,102
DA:58,98
DA:59,98
LF:20
LH:10
BRDA:15,0,0,102
BRDA:15,0,1,4
BRDA:17,1,0,5
BRDA:17,1,1,97
BRDA:22,2,0,0
BRDA:22,2,1,97
BRDA:37,3,0,0
BRDA:37,3,1,0
BRDA:39,4,0,0
BRDA:39,4,1,0
BRDA:44,5,0,0
BRDA:44,5,1,0
BRDA:57,6,0,4
BRDA:57,6,1,98
BRDA:59,7,0,98
BRDA:59,7,1,0
BRF:16
BRH:8
end_of_record
